{"meta": {"format": 3, "version": "7.11.3", "timestamp": "2025-11-10T06:52:21.074027", "branch_coverage": false, "show_contexts": false}, "files": {"src/statemachine_engine/__init__.py": {"executed_lines": [1, 3, 5, 6, 7, 8, 9, 11], "summary": {"covered_lines": 7, "num_statements": 7, "percent_covered": 100.0, "percent_covered_display": "100", "missing_lines": 0, "excluded_lines": 0}, "missing_lines": [], "excluded_lines": [], "functions": {"": {"executed_lines": [1, 3, 5, 6, 7, 8, 9, 11], "summary": {"covered_lines": 7, "num_statements": 7, "percent_covered": 100.0, "percent_covered_display": "100", "missing_lines": 0, "excluded_lines": 0}, "missing_lines": [], "excluded_lines": []}}, "classes": {"": {"executed_lines": [1, 3, 5, 6, 7, 8, 9, 11], "summary": {"covered_lines": 7, "num_statements": 7, "percent_covered": 100.0, "percent_covered_display": "100", "missing_lines": 0, "excluded_lines": 0}, "missing_lines": [], "excluded_lines": []}}}, "src/statemachine_engine/actions/__init__.py": {"executed_lines": [1, 3], "summary": {"covered_lines": 2, "num_statements": 2, "percent_covered": 100.0, "percent_covered_display": "100", "missing_lines": 0, "excluded_lines": 0}, "missing_lines": [], "excluded_lines": [], "functions": {"": {"executed_lines": [1, 3], "summary": {"covered_lines": 2, "num_statements": 2, "percent_covered": 100.0, "percent_covered_display": "100", "missing_lines": 0, "excluded_lines": 0}, "missing_lines": [], "excluded_lines": []}}, "classes": {"": {"executed_lines": [1, 3], "summary": {"covered_lines": 2, "num_statements": 2, "percent_covered": 100.0, "percent_covered_display": "100", "missing_lines": 0, "excluded_lines": 0}, "missing_lines": [], "excluded_lines": []}}}, "src/statemachine_engine/actions/base.py": {"executed_lines": [1, 22, 23, 24, 25, 28, 29, 31, 38, 39, 41, 42, 54, 58, 60, 62, 64], "summary": {"covered_lines": 15, "num_statements": 17, "percent_covered": 88.23529411764706, "percent_covered_display": "88", "missing_lines": 2, "excluded_lines": 0}, "missing_lines": [52, 56], "excluded_lines": [], "functions": {"BaseAction.__init__": {"executed_lines": [38, 39], "summary": {"covered_lines": 2, "num_statements": 2, "percent_covered": 100.0, "percent_covered_display": "100", "missing_lines": 0, "excluded_lines": 0}, "missing_lines": [], "excluded_lines": []}, "BaseAction.execute": {"executed_lines": [], "summary": {"covered_lines": 0, "num_statements": 1, "percent_covered": 0.0, "percent_covered_display": "0", "missing_lines": 1, "excluded_lines": 0}, "missing_lines": [52], "excluded_lines": []}, "BaseAction.get_description": {"executed_lines": [], "summary": {"covered_lines": 0, "num_statements": 1, "percent_covered": 0.0, "percent_covered_display": "0", "missing_lines": 1, "excluded_lines": 0}, "missing_lines": [56], "excluded_lines": []}, "BaseAction.get_config_value": {"executed_lines": [60], "summary": {"covered_lines": 1, "num_statements": 1, "percent_covered": 100.0, "percent_covered_display": "100", "missing_lines": 0, "excluded_lines": 0}, "missing_lines": [], "excluded_lines": []}, "BaseAction.get_machine_name": {"executed_lines": [64], "summary": {"covered_lines": 1, "num_statements": 1, "percent_covered": 100.0, "percent_covered_display": "100", "missing_lines": 0, "excluded_lines": 0}, "missing_lines": [], "excluded_lines": []}, "": {"executed_lines": [1, 22, 23, 24, 25, 28, 29, 31, 41, 42, 54, 58, 62], "summary": {"covered_lines": 11, "num_statements": 11, "percent_covered": 100.0, "percent_covered_display": "100", "missing_lines": 0, "excluded_lines": 0}, "missing_lines": [], "excluded_lines": []}}, "classes": {"BaseAction": {"executed_lines": [38, 39, 60, 64], "summary": {"covered_lines": 4, "num_statements": 6, "percent_covered": 66.66666666666667, "percent_covered_display": "67", "missing_lines": 2, "excluded_lines": 0}, "missing_lines": [52, 56], "excluded_lines": []}, "": {"executed_lines": [1, 22, 23, 24, 25, 28, 29, 31, 41, 42, 54, 58, 62], "summary": {"covered_lines": 11, "num_statements": 11, "percent_covered": 100.0, "percent_covered_display": "100", "missing_lines": 0, "excluded_lines": 0}, "missing_lines": [], "excluded_lines": []}}}, "src/statemachine_engine/actions/builtin/__init__.py": {"executed_lines": [1, 3, 4, 5, 6, 7, 8, 9, 10, 12], "summary": {"covered_lines": 9, "num_statements": 9, "percent_covered": 100.0, "percent_covered_display": "100", "missing_lines": 0, "excluded_lines": 0}, "missing_lines": [], "excluded_lines": [], "functions": {"": {"executed_lines": [1, 3, 4, 5, 6, 7, 8, 9, 10, 12], "summary": {"covered_lines": 9, "num_statements": 9, "percent_covered": 100.0, "percent_covered_display": "100", "missing_lines": 0, "excluded_lines": 0}, "missing_lines": [], "excluded_lines": []}}, "classes": {"": {"executed_lines": [1, 3, 4, 5, 6, 7, 8, 9, 10, 12], "summary": {"covered_lines": 9, "num_statements": 9, "percent_covered": 100.0, "percent_covered_display": "100", "missing_lines": 0, "excluded_lines": 0}, "missing_lines": [], "excluded_lines": []}}}, "src/statemachine_engine/actions/builtin/bash_action.py": {"executed_lines": [1, 27, 28, 29, 30, 32, 35, 36, 50, 68, 69, 71, 72, 73, 76, 77, 78, 79, 83, 86, 89, 90, 99, 100, 101, 103, 104, 105, 108, 109, 110, 112, 114, 116, 117, 118, 119, 122, 123, 124, 127, 128, 129, 132, 133, 134, 135, 138, 146, 148, 149, 151, 152, 153, 154, 157, 158, 162, 167, 168, 171, 172, 173, 176, 177, 178, 182, 183, 185, 186, 187, 188, 190, 192, 193, 194, 197, 199, 201, 207, 208, 212, 214, 215, 216, 217, 218, 220, 221, 224, 225, 227, 233, 235, 236, 237, 241, 243, 244, 252, 253, 288, 289, 290, 291, 292, 295, 296, 297, 304, 305], "summary": {"covered_lines": 109, "num_statements": 152, "percent_covered": 71.71052631578948, "percent_covered_display": "72", "missing_lines": 43, "excluded_lines": 0}, "missing_lines": [91, 92, 94, 95, 96, 126, 140, 141, 142, 143, 159, 160, 163, 164, 165, 195, 238, 255, 256, 257, 258, 262, 263, 264, 265, 268, 269, 270, 271, 275, 276, 283, 286, 307, 308, 309, 310, 311, 314, 315, 316, 323, 324], "excluded_lines": [], "functions": {"BashAction.execute": {"executed_lines": [68, 69, 71, 72, 73, 76, 77, 78, 79, 83, 86, 89, 90, 99, 100, 101, 103, 104, 105, 108, 109, 110, 112, 114, 116, 117, 118, 119, 122, 123, 124, 127, 128, 129, 132, 133, 134, 135, 138, 146, 148, 149, 151, 152, 153, 154, 157, 158, 162, 167, 168, 171, 172, 173, 176, 177, 178, 182, 183, 185, 186, 187, 188, 190, 192, 193, 194, 197, 199, 201, 207, 208, 212, 214, 215, 216, 217, 218, 220, 221, 224, 225, 227, 233, 235, 236, 237, 241, 243, 244, 252, 253, 288, 289, 290, 291, 292, 295, 296, 297, 304, 305], "summary": {"covered_lines": 102, "num_statements": 145, "percent_covered": 70.34482758620689, "percent_covered_display": "70", "missing_lines": 43, "excluded_lines": 0}, "missing_lines": [91, 92, 94, 95, 96, 126, 140, 141, 142, 143, 159, 160, 163, 164, 165, 195, 238, 255, 256, 257, 258, 262, 263, 264, 265, 268, 269, 270, 271, 275, 276, 283, 286, 307, 308, 309, 310, 311, 314, 315, 316, 323, 324], "excluded_lines": []}, "": {"executed_lines": [1, 27, 28, 29, 30, 32, 35, 36, 50], "summary": {"covered_lines": 7, "num_statements": 7, "percent_covered": 100.0, "percent_covered_display": "100", "missing_lines": 0, "excluded_lines": 0}, "missing_lines": [], "excluded_lines": []}}, "classes": {"BashAction": {"executed_lines": [68, 69, 71, 72, 73, 76, 77, 78, 79, 83, 86, 89, 90, 99, 100, 101, 103, 104, 105, 108, 109, 110, 112, 114, 116, 117, 118, 119, 122, 123, 124, 127, 128, 129, 132, 133, 134, 135, 138, 146, 148, 149, 151, 152, 153, 154, 157, 158, 162, 167, 168, 171, 172, 173, 176, 177, 178, 182, 183, 185, 186, 187, 188, 190, 192, 193, 194, 197, 199, 201, 207, 208, 212, 214, 215, 216, 217, 218, 220, 221, 224, 225, 227, 233, 235, 236, 237, 241, 243, 244, 252, 253, 288, 289, 290, 291, 292, 295, 296, 297, 304, 305], "summary": {"covered_lines": 102, "num_statements": 145, "percent_covered": 70.34482758620689, "percent_covered_display": "70", "missing_lines": 43, "excluded_lines": 0}, "missing_lines": [91, 92, 94, 95, 96, 126, 140, 141, 142, 143, 159, 160, 163, 164, 165, 195, 238, 255, 256, 257, 258, 262, 263, 264, 265, 268, 269, 270, 271, 275, 276, 283, 286, 307, 308, 309, 310, 311, 314, 315, 316, 323, 324], "excluded_lines": []}, "": {"executed_lines": [1, 27, 28, 29, 30, 32, 35, 36, 50], "summary": {"covered_lines": 7, "num_statements": 7, "percent_covered": 100.0, "percent_covered_display": "100", "missing_lines": 0, "excluded_lines": 0}, "missing_lines": [], "excluded_lines": []}}}, "src/statemachine_engine/actions/builtin/check_database_queue_action.py": {"executed_lines": [1, 8, 9, 10, 11, 14, 16, 17, 19, 21, 22, 27, 35, 72], "summary": {"covered_lines": 12, "num_statements": 53, "percent_covered": 22.641509433962263, "percent_covered_display": "23", "missing_lines": 41, "excluded_lines": 0}, "missing_lines": [28, 29, 31, 33, 37, 39, 40, 42, 44, 46, 50, 58, 60, 61, 63, 65, 67, 68, 69, 70, 74, 76, 77, 79, 80, 82, 83, 86, 87, 88, 89, 91, 93, 94, 95, 97, 98, 99, 101, 102, 103], "excluded_lines": [], "functions": {"CheckDatabaseQueueAction.__init__": {"executed_lines": [], "summary": {"covered_lines": 0, "num_statements": 4, "percent_covered": 0.0, "percent_covered_display": "0", "missing_lines": 4, "excluded_lines": 0}, "missing_lines": [28, 29, 31, 33], "excluded_lines": []}, "CheckDatabaseQueueAction.execute": {"executed_lines": [], "summary": {"covered_lines": 0, "num_statements": 16, "percent_covered": 0.0, "percent_covered_display": "0", "missing_lines": 16, "excluded_lines": 0}, "missing_lines": [37, 39, 40, 42, 44, 46, 50, 58, 60, 61, 63, 65, 67, 68, 69, 70], "excluded_lines": []}, "CheckDatabaseQueueAction._fail_jobs_with_missing_files": {"executed_lines": [], "summary": {"covered_lines": 0, "num_statements": 21, "percent_covered": 0.0, "percent_covered_display": "0", "missing_lines": 21, "excluded_lines": 0}, "missing_lines": [74, 76, 77, 79, 80, 82, 83, 86, 87, 88, 89, 91, 93, 94, 95, 97, 98, 99, 101, 102, 103], "excluded_lines": []}, "": {"executed_lines": [1, 8, 9, 10, 11, 14, 16, 17, 19, 21, 22, 27, 35, 72], "summary": {"covered_lines": 12, "num_statements": 12, "percent_covered": 100.0, "percent_covered_display": "100", "missing_lines": 0, "excluded_lines": 0}, "missing_lines": [], "excluded_lines": []}}, "classes": {"CheckDatabaseQueueAction": {"executed_lines": [], "summary": {"covered_lines": 0, "num_statements": 41, "percent_covered": 0.0, "percent_covered_display": "0", "missing_lines": 41, "excluded_lines": 0}, "missing_lines": [28, 29, 31, 33, 37, 39, 40, 42, 44, 46, 50, 58, 60, 61, 63, 65, 67, 68, 69, 70, 74, 76, 77, 79, 80, 82, 83, 86, 87, 88, 89, 91, 93, 94, 95, 97, 98, 99, 101, 102, 103], "excluded_lines": []}, "": {"executed_lines": [1, 8, 9, 10, 11, 14, 16, 17, 19, 21, 22, 27, 35, 72], "summary": {"covered_lines": 12, "num_statements": 12, "percent_covered": 100.0, "percent_covered_display": "100", "missing_lines": 0, "excluded_lines": 0}, "missing_lines": [], "excluded_lines": []}}}, "src/statemachine_engine/actions/builtin/check_machine_state_action.py": {"executed_lines": [1, 9, 10, 11, 12, 13, 15, 16, 18, 20, 21, 30, 37, 69, 100], "summary": {"covered_lines": 13, "num_statements": 71, "percent_covered": 18.309859154929576, "percent_covered_display": "18", "missing_lines": 58, "excluded_lines": 0}, "missing_lines": [31, 32, 33, 34, 35, 39, 41, 42, 43, 44, 45, 48, 50, 51, 52, 55, 56, 57, 59, 61, 62, 64, 65, 66, 67, 71, 73, 79, 84, 87, 90, 91, 93, 94, 95, 96, 97, 98, 102, 103, 104, 115, 116, 117, 120, 121, 123, 124, 126, 128, 129, 130, 132, 133, 134, 136, 137, 138], "excluded_lines": [], "functions": {"CheckMachineStateAction.__init__": {"executed_lines": [], "summary": {"covered_lines": 0, "num_statements": 5, "percent_covered": 0.0, "percent_covered_display": "0", "missing_lines": 5, "excluded_lines": 0}, "missing_lines": [31, 32, 33, 34, 35], "excluded_lines": []}, "CheckMachineStateAction.execute": {"executed_lines": [], "summary": {"covered_lines": 0, "num_statements": 20, "percent_covered": 0.0, "percent_covered_display": "0", "missing_lines": 20, "excluded_lines": 0}, "missing_lines": [39, 41, 42, 43, 44, 45, 48, 50, 51, 52, 55, 56, 57, 59, 61, 62, 64, 65, 66, 67], "excluded_lines": []}, "CheckMachineStateAction._is_process_running": {"executed_lines": [], "summary": {"covered_lines": 0, "num_statements": 13, "percent_covered": 0.0, "percent_covered_display": "0", "missing_lines": 13, "excluded_lines": 0}, "missing_lines": [71, 73, 79, 84, 87, 90, 91, 93, 94, 95, 96, 97, 98], "excluded_lines": []}, "CheckMachineStateAction._get_current_state": {"executed_lines": [], "summary": {"covered_lines": 0, "num_statements": 20, "percent_covered": 0.0, "percent_covered_display": "0", "missing_lines": 20, "excluded_lines": 0}, "missing_lines": [102, 103, 104, 115, 116, 117, 120, 121, 123, 124, 126, 128, 129, 130, 132, 133, 134, 136, 137, 138], "excluded_lines": []}, "": {"executed_lines": [1, 9, 10, 11, 12, 13, 15, 16, 18, 20, 21, 30, 37, 69, 100], "summary": {"covered_lines": 13, "num_statements": 13, "percent_covered": 100.0, "percent_covered_display": "100", "missing_lines": 0, "excluded_lines": 0}, "missing_lines": [], "excluded_lines": []}}, "classes": {"CheckMachineStateAction": {"executed_lines": [], "summary": {"covered_lines": 0, "num_statements": 58, "percent_covered": 0.0, "percent_covered_display": "0", "missing_lines": 58, "excluded_lines": 0}, "missing_lines": [31, 32, 33, 34, 35, 39, 41, 42, 43, 44, 45, 48, 50, 51, 52, 55, 56, 57, 59, 61, 62, 64, 65, 66, 67, 71, 73, 79, 84, 87, 90, 91, 93, 94, 95, 96, 97, 98, 102, 103, 104, 115, 116, 117, 120, 121, 123, 124, 126, 128, 129, 130, 132, 133, 134, 136, 137, 138], "excluded_lines": []}, "": {"executed_lines": [1, 9, 10, 11, 12, 13, 15, 16, 18, 20, 21, 30, 37, 69, 100], "summary": {"covered_lines": 13, "num_statements": 13, "percent_covered": 100.0, "percent_covered_display": "100", "missing_lines": 0, "excluded_lines": 0}, "missing_lines": [], "excluded_lines": []}}}, "src/statemachine_engine/actions/builtin/clear_events_action.py": {"executed_lines": [1, 19, 20, 22, 23, 25, 28, 29, 33, 34, 36, 37, 39, 40, 42, 44, 45, 46, 50, 54, 55, 58, 61, 62, 63, 64, 65, 67, 68, 69, 70, 72, 73], "summary": {"covered_lines": 31, "num_statements": 39, "percent_covered": 79.48717948717949, "percent_covered_display": "79", "missing_lines": 8, "excluded_lines": 0}, "missing_lines": [38, 47, 48, 51, 52, 75, 76, 77], "excluded_lines": [], "functions": {"ClearEventsAction.__init__": {"executed_lines": [34, 36, 37, 39, 40], "summary": {"covered_lines": 5, "num_statements": 6, "percent_covered": 83.33333333333333, "percent_covered_display": "83", "missing_lines": 1, "excluded_lines": 0}, "missing_lines": [38], "excluded_lines": []}, "ClearEventsAction.execute": {"executed_lines": [44, 45, 46, 50, 54, 55, 58, 61, 62, 63, 64, 65, 67, 68, 69, 70, 72, 73], "summary": {"covered_lines": 18, "num_statements": 25, "percent_covered": 72.0, "percent_covered_display": "72", "missing_lines": 7, "excluded_lines": 0}, "missing_lines": [47, 48, 51, 52, 75, 76, 77], "excluded_lines": []}, "": {"executed_lines": [1, 19, 20, 22, 23, 25, 28, 29, 33, 42], "summary": {"covered_lines": 8, "num_statements": 8, "percent_covered": 100.0, "percent_covered_display": "100", "missing_lines": 0, "excluded_lines": 0}, "missing_lines": [], "excluded_lines": []}}, "classes": {"ClearEventsAction": {"executed_lines": [34, 36, 37, 39, 40, 44, 45, 46, 50, 54, 55, 58, 61, 62, 63, 64, 65, 67, 68, 69, 70, 72, 73], "summary": {"covered_lines": 23, "num_statements": 31, "percent_covered": 74.19354838709677, "percent_covered_display": "74", "missing_lines": 8, "excluded_lines": 0}, "missing_lines": [38, 47, 48, 51, 52, 75, 76, 77], "excluded_lines": []}, "": {"executed_lines": [1, 19, 20, 22, 23, 25, 28, 29, 33, 42], "summary": {"covered_lines": 8, "num_statements": 8, "percent_covered": 100.0, "percent_covered_display": "100", "missing_lines": 0, "excluded_lines": 0}, "missing_lines": [], "excluded_lines": []}}}, "src/statemachine_engine/actions/builtin/complete_job_action.py": {"executed_lines": [1, 12, 13, 15, 16, 17, 19, 21, 22, 39, 40, 41, 42, 44, 46, 48, 51, 52, 53, 54, 57, 59, 60, 62], "summary": {"covered_lines": 22, "num_statements": 26, "percent_covered": 84.61538461538461, "percent_covered_display": "85", "missing_lines": 4, "excluded_lines": 0}, "missing_lines": [64, 65, 66, 67], "excluded_lines": [], "functions": {"CompleteJobAction.__init__": {"executed_lines": [40, 41, 42], "summary": {"covered_lines": 3, "num_statements": 3, "percent_covered": 100.0, "percent_covered_display": "100", "missing_lines": 0, "excluded_lines": 0}, "missing_lines": [], "excluded_lines": []}, "CompleteJobAction.execute": {"executed_lines": [46, 48, 51, 52, 53, 54, 57, 59, 60, 62], "summary": {"covered_lines": 10, "num_statements": 14, "percent_covered": 71.42857142857143, "percent_covered_display": "71", "missing_lines": 4, "excluded_lines": 0}, "missing_lines": [64, 65, 66, 67], "excluded_lines": []}, "": {"executed_lines": [1, 12, 13, 15, 16, 17, 19, 21, 22, 39, 44], "summary": {"covered_lines": 9, "num_statements": 9, "percent_covered": 100.0, "percent_covered_display": "100", "missing_lines": 0, "excluded_lines": 0}, "missing_lines": [], "excluded_lines": []}}, "classes": {"CompleteJobAction": {"executed_lines": [40, 41, 42, 46, 48, 51, 52, 53, 54, 57, 59, 60, 62], "summary": {"covered_lines": 13, "num_statements": 17, "percent_covered": 76.47058823529412, "percent_covered_display": "76", "missing_lines": 4, "excluded_lines": 0}, "missing_lines": [64, 65, 66, 67], "excluded_lines": []}, "": {"executed_lines": [1, 12, 13, 15, 16, 17, 19, 21, 22, 39, 44], "summary": {"covered_lines": 9, "num_statements": 9, "percent_covered": 100.0, "percent_covered_display": "100", "missing_lines": 0, "excluded_lines": 0}, "missing_lines": [], "excluded_lines": []}}}, "src/statemachine_engine/actions/builtin/log_action.py": {"executed_lines": [1, 8, 9, 10, 12, 13, 15, 17, 18, 22, 23, 24, 25, 27, 29, 30, 33, 36, 37, 40, 43, 50, 59, 60, 63, 64, 66, 67, 68, 70, 72, 75, 76, 77, 78, 81, 82, 83, 86, 95, 96, 97, 100, 101, 102, 103, 104, 105, 106, 109, 110, 111, 112, 113, 114, 115, 117], "summary": {"covered_lines": 55, "num_statements": 55, "percent_covered": 100.0, "percent_covered_display": "100", "missing_lines": 0, "excluded_lines": 0}, "missing_lines": [], "excluded_lines": [], "functions": {"LogAction.__init__": {"executed_lines": [23, 24, 25], "summary": {"covered_lines": 3, "num_statements": 3, "percent_covered": 100.0, "percent_covered_display": "100", "missing_lines": 0, "excluded_lines": 0}, "missing_lines": [], "excluded_lines": []}, "LogAction.execute": {"executed_lines": [29, 30, 33, 36, 37, 40, 43, 50, 59, 60, 63, 64, 66, 67, 68], "summary": {"covered_lines": 15, "num_statements": 15, "percent_covered": 100.0, "percent_covered_display": "100", "missing_lines": 0, "excluded_lines": 0}, "missing_lines": [], "excluded_lines": []}, "LogAction._process_message": {"executed_lines": [72, 75, 76, 77, 78, 81, 82, 83, 86, 95, 96, 97, 100, 101, 102, 103, 104, 105, 106, 109, 110, 111, 112, 113, 114, 115, 117], "summary": {"covered_lines": 27, "num_statements": 27, "percent_covered": 100.0, "percent_covered_display": "100", "missing_lines": 0, "excluded_lines": 0}, "missing_lines": [], "excluded_lines": []}, "": {"executed_lines": [1, 8, 9, 10, 12, 13, 15, 17, 18, 22, 27, 70], "summary": {"covered_lines": 10, "num_statements": 10, "percent_covered": 100.0, "percent_covered_display": "100", "missing_lines": 0, "excluded_lines": 0}, "missing_lines": [], "excluded_lines": []}}, "classes": {"LogAction": {"executed_lines": [23, 24, 25, 29, 30, 33, 36, 37, 40, 43, 50, 59, 60, 63, 64, 66, 67, 68, 72, 75, 76, 77, 78, 81, 82, 83, 86, 95, 96, 97, 100, 101, 102, 103, 104, 105, 106, 109, 110, 111, 112, 113, 114, 115, 117], "summary": {"covered_lines": 45, "num_statements": 45, "percent_covered": 100.0, "percent_covered_display": "100", "missing_lines": 0, "excluded_lines": 0}, "missing_lines": [], "excluded_lines": []}, "": {"executed_lines": [1, 8, 9, 10, 12, 13, 15, 17, 18, 22, 27, 70], "summary": {"covered_lines": 10, "num_statements": 10, "percent_covered": 100.0, "percent_covered_display": "100", "missing_lines": 0, "excluded_lines": 0}, "missing_lines": [], "excluded_lines": []}}}, "src/statemachine_engine/actions/builtin/send_event_action.py": {"executed_lines": [1, 9, 10, 11, 12, 13, 15, 16, 17, 19, 21, 22, 26, 27, 28, 29, 30, 32, 78, 100, 132, 134, 139, 140, 141, 142, 151, 152, 153, 154, 155, 158, 159, 160, 161, 162, 163, 164, 167, 170, 173, 176, 179, 180, 182, 184, 185, 186, 188, 191, 194, 197, 198, 199, 201, 203], "summary": {"covered_lines": 54, "num_statements": 110, "percent_covered": 49.09090909090909, "percent_covered_display": "49", "missing_lines": 56, "excluded_lines": 0}, "missing_lines": [34, 36, 37, 40, 43, 44, 45, 48, 49, 51, 59, 61, 63, 64, 66, 67, 70, 71, 73, 74, 75, 76, 80, 81, 84, 85, 88, 89, 90, 91, 93, 94, 96, 97, 98, 102, 103, 106, 107, 108, 111, 118, 119, 120, 123, 124, 126, 128, 129, 130, 135, 144, 149, 189, 192, 195], "excluded_lines": [], "functions": {"SendEventAction.__init__": {"executed_lines": [27, 28, 29, 30], "summary": {"covered_lines": 4, "num_statements": 4, "percent_covered": 100.0, "percent_covered_display": "100", "missing_lines": 0, "excluded_lines": 0}, "missing_lines": [], "excluded_lines": []}, "SendEventAction.execute": {"executed_lines": [], "summary": {"covered_lines": 0, "num_statements": 22, "percent_covered": 0.0, "percent_covered_display": "0", "missing_lines": 22, "excluded_lines": 0}, "missing_lines": [34, 36, 37, 40, 43, 44, 45, 48, 49, 51, 59, 61, 63, 64, 66, 67, 70, 71, 73, 74, 75, 76], "excluded_lines": []}, "SendEventAction._send_wake_up_socket": {"executed_lines": [], "summary": {"covered_lines": 0, "num_statements": 13, "percent_covered": 0.0, "percent_covered_display": "0", "missing_lines": 13, "excluded_lines": 0}, "missing_lines": [80, 81, 84, 85, 88, 89, 90, 91, 93, 94, 96, 97, 98], "excluded_lines": []}, "SendEventAction._send_via_socket": {"executed_lines": [], "summary": {"covered_lines": 0, "num_statements": 15, "percent_covered": 0.0, "percent_covered_display": "0", "missing_lines": 15, "excluded_lines": 0}, "missing_lines": [102, 103, 106, 107, 108, 111, 118, 119, 120, 123, 124, 126, 128, 129, 130], "excluded_lines": []}, "SendEventAction._process_payload": {"executed_lines": [134, 139, 140, 141, 142, 151, 152, 153, 154, 155, 158, 159, 160, 161, 162, 163, 164, 167, 170, 173, 176, 179, 180, 182, 184, 185, 186, 188, 191, 194, 197, 198, 199, 201, 203], "summary": {"covered_lines": 35, "num_statements": 41, "percent_covered": 85.36585365853658, "percent_covered_display": "85", "missing_lines": 6, "excluded_lines": 0}, "missing_lines": [135, 144, 149, 189, 192, 195], "excluded_lines": []}, "": {"executed_lines": [1, 9, 10, 11, 12, 13, 15, 16, 17, 19, 21, 22, 26, 32, 78, 100, 132], "summary": {"covered_lines": 15, "num_statements": 15, "percent_covered": 100.0, "percent_covered_display": "100", "missing_lines": 0, "excluded_lines": 0}, "missing_lines": [], "excluded_lines": []}}, "classes": {"SendEventAction": {"executed_lines": [27, 28, 29, 30, 134, 139, 140, 141, 142, 151, 152, 153, 154, 155, 158, 159, 160, 161, 162, 163, 164, 167, 170, 173, 176, 179, 180, 182, 184, 185, 186, 188, 191, 194, 197, 198, 199, 201, 203], "summary": {"covered_lines": 39, "num_statements": 95, "percent_covered": 41.05263157894737, "percent_covered_display": "41", "missing_lines": 56, "excluded_lines": 0}, "missing_lines": [34, 36, 37, 40, 43, 44, 45, 48, 49, 51, 59, 61, 63, 64, 66, 67, 70, 71, 73, 74, 75, 76, 80, 81, 84, 85, 88, 89, 90, 91, 93, 94, 96, 97, 98, 102, 103, 106, 107, 108, 111, 118, 119, 120, 123, 124, 126, 128, 129, 130, 135, 144, 149, 189, 192, 195], "excluded_lines": []}, "": {"executed_lines": [1, 9, 10, 11, 12, 13, 15, 16, 17, 19, 21, 22, 26, 32, 78, 100, 132], "summary": {"covered_lines": 15, "num_statements": 15, "percent_covered": 100.0, "percent_covered_display": "100", "missing_lines": 0, "excluded_lines": 0}, "missing_lines": [], "excluded_lines": []}}}, "src/statemachine_engine/actions/builtin/start_fsm_action.py": {"executed_lines": [1, 8, 9, 10, 11, 12, 13, 15, 16, 18, 21, 22, 71, 72, 73, 74, 75, 76, 77, 79, 89, 91, 92, 93, 95, 96, 97, 100, 101, 104, 112, 113, 115, 116, 118, 121, 122, 125, 132, 133, 135, 138, 145, 146, 149, 150, 152, 153, 156, 158, 159, 160, 165, 180, 182, 184, 185, 186, 187, 189, 192, 194, 195, 197, 199, 201, 212, 213, 215, 216, 217, 218, 220, 221, 225, 243], "summary": {"covered_lines": 74, "num_statements": 83, "percent_covered": 89.1566265060241, "percent_covered_display": "89", "missing_lines": 9, "excluded_lines": 0}, "missing_lines": [127, 128, 129, 151, 161, 162, 163, 222, 223], "excluded_lines": [], "functions": {"StartFsmAction.__init__": {"executed_lines": [72, 73, 74, 75, 76, 77], "summary": {"covered_lines": 6, "num_statements": 6, "percent_covered": 100.0, "percent_covered_display": "100", "missing_lines": 0, "excluded_lines": 0}, "missing_lines": [], "excluded_lines": []}, "StartFsmAction.execute": {"executed_lines": [89, 91, 92, 93, 95, 96, 97, 100, 101, 104, 112, 113, 115, 116, 118, 121, 122, 125, 132, 133, 135, 138, 145, 146, 149, 150, 152, 153, 156, 158, 159, 160], "summary": {"covered_lines": 32, "num_statements": 39, "percent_covered": 82.05128205128206, "percent_covered_display": "82", "missing_lines": 7, "excluded_lines": 0}, "missing_lines": [127, 128, 129, 151, 161, 162, 163], "excluded_lines": []}, "StartFsmAction._extract_context_vars": {"executed_lines": [180, 182, 184, 185, 186, 187, 189, 192, 194, 195, 197, 199], "summary": {"covered_lines": 12, "num_statements": 12, "percent_covered": 100.0, "percent_covered_display": "100", "missing_lines": 0, "excluded_lines": 0}, "missing_lines": [], "excluded_lines": []}, "StartFsmAction._get_nested_value": {"executed_lines": [212, 213, 215, 216, 217, 218, 220, 221], "summary": {"covered_lines": 8, "num_statements": 10, "percent_covered": 80.0, "percent_covered_display": "80", "missing_lines": 2, "excluded_lines": 0}, "missing_lines": [222, 223], "excluded_lines": []}, "StartFsmAction._interpolate_variables": {"executed_lines": [243], "summary": {"covered_lines": 1, "num_statements": 1, "percent_covered": 100.0, "percent_covered_display": "100", "missing_lines": 0, "excluded_lines": 0}, "missing_lines": [], "excluded_lines": []}, "": {"executed_lines": [1, 8, 9, 10, 11, 12, 13, 15, 16, 18, 21, 22, 71, 79, 165, 201, 225], "summary": {"covered_lines": 15, "num_statements": 15, "percent_covered": 100.0, "percent_covered_display": "100", "missing_lines": 0, "excluded_lines": 0}, "missing_lines": [], "excluded_lines": []}}, "classes": {"StartFsmAction": {"executed_lines": [72, 73, 74, 75, 76, 77, 89, 91, 92, 93, 95, 96, 97, 100, 101, 104, 112, 113, 115, 116, 118, 121, 122, 125, 132, 133, 135, 138, 145, 146, 149, 150, 152, 153, 156, 158, 159, 160, 180, 182, 184, 185, 186, 187, 189, 192, 194, 195, 197, 199, 212, 213, 215, 216, 217, 218, 220, 221, 243], "summary": {"covered_lines": 59, "num_statements": 68, "percent_covered": 86.76470588235294, "percent_covered_display": "87", "missing_lines": 9, "excluded_lines": 0}, "missing_lines": [127, 128, 129, 151, 161, 162, 163, 222, 223], "excluded_lines": []}, "": {"executed_lines": [1, 8, 9, 10, 11, 12, 13, 15, 16, 18, 21, 22, 71, 79, 165, 201, 225], "summary": {"covered_lines": 15, "num_statements": 15, "percent_covered": 100.0, "percent_covered_display": "100", "missing_lines": 0, "excluded_lines": 0}, "missing_lines": [], "excluded_lines": []}}}, "src/statemachine_engine/cli.py": {"executed_lines": [], "summary": {"covered_lines": 0, "num_statements": 56, "percent_covered": 0.0, "percent_covered_display": "0", "missing_lines": 56, "excluded_lines": 0}, "missing_lines": [6, 7, 8, 9, 10, 11, 13, 14, 16, 19, 20, 25, 26, 29, 30, 31, 32, 33, 34, 35, 38, 39, 40, 41, 42, 43, 44, 45, 46, 47, 50, 52, 53, 56, 61, 62, 63, 64, 65, 66, 68, 70, 72, 73, 74, 75, 76, 77, 78, 79, 83, 85, 95, 97, 99, 100], "excluded_lines": [], "functions": {"run_state_machine": {"executed_lines": [], "summary": {"covered_lines": 0, "num_statements": 32, "percent_covered": 0.0, "percent_covered_display": "0", "missing_lines": 32, "excluded_lines": 0}, "missing_lines": [19, 20, 25, 26, 29, 30, 31, 32, 33, 34, 35, 38, 39, 40, 41, 42, 43, 44, 45, 46, 47, 50, 52, 53, 56, 61, 62, 63, 64, 65, 66, 68], "excluded_lines": []}, "async_main": {"executed_lines": [], "summary": {"covered_lines": 0, "num_statements": 10, "percent_covered": 0.0, "percent_covered_display": "0", "missing_lines": 10, "excluded_lines": 0}, "missing_lines": [72, 73, 74, 75, 76, 77, 78, 79, 83, 85], "excluded_lines": []}, "main": {"executed_lines": [], "summary": {"covered_lines": 0, "num_statements": 1, "percent_covered": 0.0, "percent_covered_display": "0", "missing_lines": 1, "excluded_lines": 0}, "missing_lines": [97], "excluded_lines": []}, "": {"executed_lines": [], "summary": {"covered_lines": 0, "num_statements": 13, "percent_covered": 0.0, "percent_covered_display": "0", "missing_lines": 13, "excluded_lines": 0}, "missing_lines": [6, 7, 8, 9, 10, 11, 13, 14, 16, 70, 95, 99, 100], "excluded_lines": []}}, "classes": {"": {"executed_lines": [], "summary": {"covered_lines": 0, "num_statements": 56, "percent_covered": 0.0, "percent_covered_display": "0", "missing_lines": 56, "excluded_lines": 0}, "missing_lines": [6, 7, 8, 9, 10, 11, 13, 14, 16, 19, 20, 25, 26, 29, 30, 31, 32, 33, 34, 35, 38, 39, 40, 41, 42, 43, 44, 45, 46, 47, 50, 52, 53, 56, 61, 62, 63, 64, 65, 66, 68, 70, 72, 73, 74, 75, 76, 77, 78, 79, 83, 85, 95, 97, 99, 100], "excluded_lines": []}}}, "src/statemachine_engine/core/__init__.py": {"executed_lines": [1, 2, 4], "summary": {"covered_lines": 3, "num_statements": 3, "percent_covered": 100.0, "percent_covered_display": "100", "missing_lines": 0, "excluded_lines": 0}, "missing_lines": [], "excluded_lines": [], "functions": {"": {"executed_lines": [1, 2, 4], "summary": {"covered_lines": 3, "num_statements": 3, "percent_covered": 100.0, "percent_covered_display": "100", "missing_lines": 0, "excluded_lines": 0}, "missing_lines": [], "excluded_lines": []}}, "classes": {"": {"executed_lines": [1, 2, 4], "summary": {"covered_lines": 3, "num_statements": 3, "percent_covered": 100.0, "percent_covered_display": "100", "missing_lines": 0, "excluded_lines": 0}, "missing_lines": [], "excluded_lines": []}}}, "src/statemachine_engine/core/action_loader.py": {"executed_lines": [1, 29, 30, 31, 32, 33, 34, 36, 39, 40, 47, 56, 57, 60, 61, 63, 64, 67, 72, 73, 74, 76, 78, 86, 87, 90, 91, 100, 101, 102, 107, 110, 111, 114, 116, 127, 130, 132, 136, 138, 140, 141, 145, 146, 149, 150, 151, 153, 155, 157, 170, 171, 172, 174, 188, 191, 192, 195, 196, 197, 199, 200, 202, 204, 206, 208, 212, 215, 216, 217, 220, 223, 226, 227, 231, 232, 234, 236, 237, 238, 240, 242, 244, 248, 256, 259, 267], "summary": {"covered_lines": 85, "num_statements": 98, "percent_covered": 86.73469387755102, "percent_covered_display": "87", "missing_lines": 13, "excluded_lines": 0}, "missing_lines": [96, 133, 213, 228, 246, 250, 251, 252, 262, 263, 264, 277, 278], "excluded_lines": [], "functions": {"ActionLoader.__init__": {"executed_lines": [56, 57, 60, 61, 63, 64, 67, 72, 73, 74, 76], "summary": {"covered_lines": 11, "num_statements": 11, "percent_covered": 100.0, "percent_covered_display": "100", "missing_lines": 0, "excluded_lines": 0}, "missing_lines": [], "excluded_lines": []}, "ActionLoader._discover_action_modules": {"executed_lines": [86, 87, 90, 91, 100, 101, 102, 107, 110, 111, 114], "summary": {"covered_lines": 11, "num_statements": 12, "percent_covered": 91.66666666666667, "percent_covered_display": "92", "missing_lines": 1, "excluded_lines": 0}, "missing_lines": [96], "excluded_lines": []}, "ActionLoader._discover_from_directory": {"executed_lines": [127, 130, 132, 136, 138, 140, 141, 145, 146, 149, 150, 151, 153, 155], "summary": {"covered_lines": 14, "num_statements": 15, "percent_covered": 93.33333333333333, "percent_covered_display": "93", "missing_lines": 1, "excluded_lines": 0}, "missing_lines": [133], "excluded_lines": []}, "ActionLoader._build_class_name": {"executed_lines": [170, 171, 172], "summary": {"covered_lines": 3, "num_statements": 3, "percent_covered": 100.0, "percent_covered_display": "100", "missing_lines": 0, "excluded_lines": 0}, "missing_lines": [], "excluded_lines": []}, "ActionLoader.load_action_class": {"executed_lines": [188, 191, 192, 195, 196, 197, 199, 200, 202, 204, 206, 208, 212, 215, 216, 217, 220, 223, 226, 227, 231, 232, 234, 236, 237, 238], "summary": {"covered_lines": 26, "num_statements": 28, "percent_covered": 92.85714285714286, "percent_covered_display": "93", "missing_lines": 2, "excluded_lines": 0}, "missing_lines": [213, 228], "excluded_lines": []}, "ActionLoader.get_available_actions": {"executed_lines": [242], "summary": {"covered_lines": 1, "num_statements": 1, "percent_covered": 100.0, "percent_covered_display": "100", "missing_lines": 0, "excluded_lines": 0}, "missing_lines": [], "excluded_lines": []}, "ActionLoader.clear_cache": {"executed_lines": [], "summary": {"covered_lines": 0, "num_statements": 1, "percent_covered": 0.0, "percent_covered_display": "0", "missing_lines": 1, "excluded_lines": 0}, "missing_lines": [246], "excluded_lines": []}, "ActionLoader.rediscover": {"executed_lines": [], "summary": {"covered_lines": 0, "num_statements": 3, "percent_covered": 0.0, "percent_covered_display": "0", "missing_lines": 3, "excluded_lines": 0}, "missing_lines": [250, 251, 252], "excluded_lines": []}, "get_action_loader": {"executed_lines": [], "summary": {"covered_lines": 0, "num_statements": 3, "percent_covered": 0.0, "percent_covered_display": "0", "missing_lines": 3, "excluded_lines": 0}, "missing_lines": [262, 263, 264], "excluded_lines": []}, "load_action_class": {"executed_lines": [], "summary": {"covered_lines": 0, "num_statements": 2, "percent_covered": 0.0, "percent_covered_display": "0", "missing_lines": 2, "excluded_lines": 0}, "missing_lines": [277, 278], "excluded_lines": []}, "": {"executed_lines": [1, 29, 30, 31, 32, 33, 34, 36, 39, 40, 47, 78, 116, 157, 174, 240, 244, 248, 256, 259, 267], "summary": {"covered_lines": 19, "num_statements": 19, "percent_covered": 100.0, "percent_covered_display": "100", "missing_lines": 0, "excluded_lines": 0}, "missing_lines": [], "excluded_lines": []}}, "classes": {"ActionLoader": {"executed_lines": [56, 57, 60, 61, 63, 64, 67, 72, 73, 74, 76, 86, 87, 90, 91, 100, 101, 102, 107, 110, 111, 114, 127, 130, 132, 136, 138, 140, 141, 145, 146, 149, 150, 151, 153, 155, 170, 171, 172, 188, 191, 192, 195, 196, 197, 199, 200, 202, 204, 206, 208, 212, 215, 216, 217, 220, 223, 226, 227, 231, 232, 234, 236, 237, 238, 242], "summary": {"covered_lines": 66, "num_statements": 74, "percent_covered": 89.1891891891892, "percent_covered_display": "89", "missing_lines": 8, "excluded_lines": 0}, "missing_lines": [96, 133, 213, 228, 246, 250, 251, 252], "excluded_lines": []}, "": {"executed_lines": [1, 29, 30, 31, 32, 33, 34, 36, 39, 40, 47, 78, 116, 157, 174, 240, 244, 248, 256, 259, 267], "summary": {"covered_lines": 19, "num_statements": 24, "percent_covered": 79.16666666666667, "percent_covered_display": "79", "missing_lines": 5, "excluded_lines": 0}, "missing_lines": [262, 263, 264, 277, 278], "excluded_lines": []}}}, "src/statemachine_engine/core/engine.py": {"executed_lines": [1, 28, 29, 30, 31, 32, 33, 34, 35, 36, 37, 38, 40, 42, 43, 45, 46, 47, 48, 49, 51, 53, 54, 55, 56, 57, 58, 59, 60, 62, 67, 68, 69, 71, 72, 73, 74, 75, 76, 77, 78, 79, 80, 81, 83, 84, 86, 87, 93, 94, 95, 96, 97, 98, 99, 100, 101, 102, 103, 104, 105, 106, 108, 110, 111, 114, 115, 120, 123, 126, 130, 133, 135, 136, 137, 139, 142, 144, 146, 148, 150, 151, 152, 153, 156, 157, 158, 160, 162, 163, 164, 166, 168, 171, 173, 174, 175, 176, 177, 180, 181, 182, 183, 184, 188, 189, 193, 194, 197, 198, 201, 210, 213, 215, 217, 218, 219, 220, 221, 223, 225, 228, 231, 234, 236, 239, 242, 245, 247, 250, 251, 252, 255, 259, 265, 266, 268, 271, 274, 276, 278, 279, 282, 283, 284, 287, 288, 291, 292, 295, 296, 299, 300, 302, 303, 304, 305, 308, 311, 317, 324, 326, 328, 329, 330, 343, 344, 347, 348, 349, 351, 354, 355, 358, 359, 363, 364, 367, 369, 372, 373, 374, 376, 380, 381, 389, 391, 393, 394, 431, 433, 435, 436, 455, 457, 459, 465, 468, 469, 471, 474, 475, 476, 477, 478, 479, 480, 481, 482, 483, 487, 489, 495, 497, 503, 505, 511, 513, 515, 516, 517, 518, 521, 522, 524, 526, 531, 532, 533, 535, 536, 537, 538, 541, 542, 543, 544, 545, 551, 553, 555, 556, 558, 559, 560, 562, 564, 567, 570, 572, 573, 574, 575, 576, 579, 582, 584, 589, 591, 592, 593, 594, 596, 621, 624, 626, 628, 634, 643, 645, 654, 656, 705, 707, 709, 712, 716, 719, 720, 722, 723, 724, 725, 726, 727, 728, 729, 731, 733, 734, 740, 741, 742, 743, 744, 745, 746, 748, 749, 750, 751, 752, 753, 754, 756, 759, 761, 762, 763, 764, 767, 768, 769, 770], "summary": {"covered_lines": 311, "num_statements": 400, "percent_covered": 77.75, "percent_covered_display": "78", "missing_lines": 89, "excluded_lines": 0}, "missing_lines": [112, 127, 169, 226, 331, 332, 333, 334, 335, 336, 337, 338, 340, 341, 395, 396, 397, 399, 404, 406, 415, 418, 419, 425, 426, 427, 428, 429, 437, 438, 439, 442, 443, 446, 451, 452, 453, 484, 485, 598, 599, 601, 602, 603, 604, 607, 608, 610, 611, 612, 615, 616, 617, 618, 619, 629, 632, 660, 662, 664, 665, 666, 670, 671, 672, 674, 675, 677, 678, 679, 681, 682, 683, 684, 686, 687, 689, 690, 691, 693, 694, 695, 697, 702, 713, 737, 738, 771, 772], "excluded_lines": [], "functions": {"EventSocketManager.__init__": {"executed_lines": [46, 47, 48, 49], "summary": {"covered_lines": 4, "num_statements": 4, "percent_covered": 100.0, "percent_covered_display": "100", "missing_lines": 0, "excluded_lines": 0}, "missing_lines": [], "excluded_lines": []}, "EventSocketManager._connect": {"executed_lines": [53, 54, 55, 56, 57, 58, 59, 60], "summary": {"covered_lines": 8, "num_statements": 8, "percent_covered": 100.0, "percent_covered_display": "100", "missing_lines": 0, "excluded_lines": 0}, "missing_lines": [], "excluded_lines": []}, "EventSocketManager.emit": {"executed_lines": [67, 68, 69, 71, 72, 73, 74, 75, 76, 77, 78, 79, 80, 81, 83, 84], "summary": {"covered_lines": 16, "num_statements": 16, "percent_covered": 100.0, "percent_covered_display": "100", "missing_lines": 0, "excluded_lines": 0}, "missing_lines": [], "excluded_lines": []}, "StateMachineEngine.__init__": {"executed_lines": [94, 95, 96, 97, 98, 99, 100, 101, 102, 103, 104, 105, 106], "summary": {"covered_lines": 13, "num_statements": 13, "percent_covered": 100.0, "percent_covered_display": "100", "missing_lines": 0, "excluded_lines": 0}, "missing_lines": [], "excluded_lines": []}, "StateMachineEngine.load_config": {"executed_lines": [110, 111, 114, 115, 120, 123, 126, 130, 133, 135, 136, 137], "summary": {"covered_lines": 12, "num_statements": 14, "percent_covered": 85.71428571428571, "percent_covered_display": "86", "missing_lines": 2, "excluded_lines": 0}, "missing_lines": [112, 127], "excluded_lines": []}, "StateMachineEngine._register_actions": {"executed_lines": [142], "summary": {"covered_lines": 1, "num_statements": 1, "percent_covered": 100.0, "percent_covered_display": "100", "missing_lines": 0, "excluded_lines": 0}, "missing_lines": [], "excluded_lines": []}, "StateMachineEngine._create_control_socket": {"executed_lines": [146, 148, 150, 151, 152, 153, 156, 157, 158, 160, 162, 163, 164], "summary": {"covered_lines": 13, "num_statements": 13, "percent_covered": 100.0, "percent_covered_display": "100", "missing_lines": 0, "excluded_lines": 0}, "missing_lines": [], "excluded_lines": []}, "StateMachineEngine._check_control_socket": {"executed_lines": [168, 171, 173, 174, 175, 176, 177, 180, 181, 182, 183, 184, 188, 189, 193, 194, 197, 198, 201, 210, 213, 215, 217, 218, 219, 220, 221], "summary": {"covered_lines": 27, "num_statements": 28, "percent_covered": 96.42857142857143, "percent_covered_display": "96", "missing_lines": 1, "excluded_lines": 0}, "missing_lines": [169], "excluded_lines": []}, "StateMachineEngine.execute_state_machine": {"executed_lines": [225, 228, 231, 234, 236, 239, 242, 245, 247, 250, 251, 252, 255, 259, 265, 266, 268, 271, 274], "summary": {"covered_lines": 19, "num_statements": 20, "percent_covered": 95.0, "percent_covered_display": "95", "missing_lines": 1, "excluded_lines": 0}, "missing_lines": [226], "excluded_lines": []}, "StateMachineEngine.process_event": {"executed_lines": [278, 279, 282, 283, 284, 287, 288, 291, 292, 295, 296, 299, 300, 302, 303, 304, 305, 308, 311, 317, 324, 326, 328, 329, 330, 343, 344, 347, 348, 349, 351, 354, 355, 358, 359, 363, 364, 367, 369, 372, 373, 374], "summary": {"covered_lines": 42, "num_statements": 52, "percent_covered": 80.76923076923077, "percent_covered_display": "81", "missing_lines": 10, "excluded_lines": 0}, "missing_lines": [331, 332, 333, 334, 335, 336, 337, 338, 340, 341], "excluded_lines": []}, "StateMachineEngine._log_state_change": {"executed_lines": [380, 381, 389], "summary": {"covered_lines": 3, "num_statements": 3, "percent_covered": 100.0, "percent_covered_display": "100", "missing_lines": 0, "excluded_lines": 0}, "missing_lines": [], "excluded_lines": []}, "StateMachineEngine._update_machine_state": {"executed_lines": [393, 394, 431], "summary": {"covered_lines": 3, "num_statements": 17, "percent_covered": 17.647058823529413, "percent_covered_display": "18", "missing_lines": 14, "excluded_lines": 0}, "missing_lines": [395, 396, 397, 399, 404, 406, 415, 418, 419, 425, 426, 427, 428, 429], "excluded_lines": []}, "StateMachineEngine._delete_machine_state": {"executed_lines": [435, 436, 455], "summary": {"covered_lines": 3, "num_statements": 12, "percent_covered": 25.0, "percent_covered_display": "25", "missing_lines": 9, "excluded_lines": 0}, "missing_lines": [437, 438, 439, 442, 443, 446, 451, 452, 453], "excluded_lines": []}, "StateMachineEngine._emit_realtime_event": {"executed_lines": [459, 465, 468, 469, 471, 474, 475, 476, 477, 478, 479, 480, 481, 482, 483], "summary": {"covered_lines": 15, "num_statements": 17, "percent_covered": 88.23529411764706, "percent_covered_display": "88", "missing_lines": 2, "excluded_lines": 0}, "missing_lines": [484, 485], "excluded_lines": []}, "StateMachineEngine.emit_job_started": {"executed_lines": [489], "summary": {"covered_lines": 1, "num_statements": 1, "percent_covered": 100.0, "percent_covered_display": "100", "missing_lines": 0, "excluded_lines": 0}, "missing_lines": [], "excluded_lines": []}, "StateMachineEngine.emit_job_completed": {"executed_lines": [497], "summary": {"covered_lines": 1, "num_statements": 1, "percent_covered": 100.0, "percent_covered_display": "100", "missing_lines": 0, "excluded_lines": 0}, "missing_lines": [], "excluded_lines": []}, "StateMachineEngine.emit_error": {"executed_lines": [505], "summary": {"covered_lines": 1, "num_statements": 1, "percent_covered": 100.0, "percent_covered_display": "100", "missing_lines": 0, "excluded_lines": 0}, "missing_lines": [], "excluded_lines": []}, "StateMachineEngine._find_transition": {"executed_lines": [513, 515, 516, 517, 518, 521, 522, 524], "summary": {"covered_lines": 8, "num_statements": 8, "percent_covered": 100.0, "percent_covered_display": "100", "missing_lines": 0, "excluded_lines": 0}, "missing_lines": [], "excluded_lines": []}, "StateMachineEngine._get_timeout_transitions": {"executed_lines": [531, 532, 533, 535, 536, 537, 538, 541, 542, 543, 544, 545, 551], "summary": {"covered_lines": 13, "num_statements": 13, "percent_covered": 100.0, "percent_covered_display": "100", "missing_lines": 0, "excluded_lines": 0}, "missing_lines": [], "excluded_lines": []}, "StateMachineEngine._timeout_handler": {"executed_lines": [555, 556, 558, 559, 560, 562], "summary": {"covered_lines": 6, "num_statements": 6, "percent_covered": 100.0, "percent_covered_display": "100", "missing_lines": 0, "excluded_lines": 0}, "missing_lines": [], "excluded_lines": []}, "StateMachineEngine._start_timeout_tasks": {"executed_lines": [567, 570, 572, 573, 574, 575, 576, 579, 582, 584], "summary": {"covered_lines": 10, "num_statements": 10, "percent_covered": 100.0, "percent_covered_display": "100", "missing_lines": 0, "excluded_lines": 0}, "missing_lines": [], "excluded_lines": []}, "StateMachineEngine._cancel_timeout_tasks": {"executed_lines": [591, 592, 593, 594], "summary": {"covered_lines": 4, "num_statements": 4, "percent_covered": 100.0, "percent_covered_display": "100", "missing_lines": 0, "excluded_lines": 0}, "missing_lines": [], "excluded_lines": []}, "StateMachineEngine._propagate_job_context": {"executed_lines": [], "summary": {"covered_lines": 0, "num_statements": 16, "percent_covered": 0.0, "percent_covered_display": "0", "missing_lines": 16, "excluded_lines": 0}, "missing_lines": [598, 599, 601, 602, 603, 604, 607, 608, 610, 611, 612, 615, 616, 617, 618, 619], "excluded_lines": []}, "StateMachineEngine._execute_state_actions": {"executed_lines": [624, 626, 628], "summary": {"covered_lines": 3, "num_statements": 5, "percent_covered": 60.0, "percent_covered_display": "60", "missing_lines": 2, "excluded_lines": 0}, "missing_lines": [629, 632], "excluded_lines": []}, "StateMachineEngine._substitute_variables": {"executed_lines": [643], "summary": {"covered_lines": 1, "num_statements": 1, "percent_covered": 100.0, "percent_covered_display": "100", "missing_lines": 0, "excluded_lines": 0}, "missing_lines": [], "excluded_lines": []}, "StateMachineEngine._interpolate_config": {"executed_lines": [654], "summary": {"covered_lines": 1, "num_statements": 1, "percent_covered": 100.0, "percent_covered_display": "100", "missing_lines": 0, "excluded_lines": 0}, "missing_lines": [], "excluded_lines": []}, "StateMachineEngine._execute_action": {"executed_lines": [], "summary": {"covered_lines": 0, "num_statements": 27, "percent_covered": 0.0, "percent_covered_display": "0", "missing_lines": 27, "excluded_lines": 0}, "missing_lines": [660, 662, 664, 665, 666, 670, 671, 672, 674, 675, 677, 678, 679, 681, 682, 683, 684, 686, 687, 689, 690, 691, 693, 694, 695, 697, 702], "excluded_lines": []}, "StateMachineEngine._execute_pluggable_action": {"executed_lines": [707, 709, 712, 716, 719, 720, 722, 723, 724, 725, 726, 727, 728, 729, 731, 733, 734, 740, 741, 742, 743, 744, 745, 746, 748, 749, 750, 751, 752, 753, 754], "summary": {"covered_lines": 31, "num_statements": 34, "percent_covered": 91.17647058823529, "percent_covered_display": "91", "missing_lines": 3, "excluded_lines": 0}, "missing_lines": [713, 737, 738], "excluded_lines": []}, "StateMachineEngine._cleanup_sockets": {"executed_lines": [759, 761, 762, 763, 764, 767, 768, 769, 770], "summary": {"covered_lines": 9, "num_statements": 11, "percent_covered": 81.81818181818181, "percent_covered_display": "82", "missing_lines": 2, "excluded_lines": 0}, "missing_lines": [771, 772], "excluded_lines": []}, "": {"executed_lines": [1, 28, 29, 30, 31, 32, 33, 34, 35, 36, 37, 38, 40, 42, 43, 45, 51, 62, 86, 87, 93, 108, 139, 144, 166, 223, 276, 376, 391, 433, 457, 487, 495, 503, 511, 526, 553, 564, 589, 596, 621, 634, 645, 656, 705, 756], "summary": {"covered_lines": 43, "num_statements": 43, "percent_covered": 100.0, "percent_covered_display": "100", "missing_lines": 0, "excluded_lines": 0}, "missing_lines": [], "excluded_lines": []}}, "classes": {"EventSocketManager": {"executed_lines": [46, 47, 48, 49, 53, 54, 55, 56, 57, 58, 59, 60, 67, 68, 69, 71, 72, 73, 74, 75, 76, 77, 78, 79, 80, 81, 83, 84], "summary": {"covered_lines": 28, "num_statements": 28, "percent_covered": 100.0, "percent_covered_display": "100", "missing_lines": 0, "excluded_lines": 0}, "missing_lines": [], "excluded_lines": []}, "StateMachineEngine": {"executed_lines": [94, 95, 96, 97, 98, 99, 100, 101, 102, 103, 104, 105, 106, 110, 111, 114, 115, 120, 123, 126, 130, 133, 135, 136, 137, 142, 146, 148, 150, 151, 152, 153, 156, 157, 158, 160, 162, 163, 164, 168, 171, 173, 174, 175, 176, 177, 180, 181, 182, 183, 184, 188, 189, 193, 194, 197, 198, 201, 210, 213, 215, 217, 218, 219, 220, 221, 225, 228, 231, 234, 236, 239, 242, 245, 247, 250, 251, 252, 255, 259, 265, 266, 268, 271, 274, 278, 279, 282, 283, 284, 287, 288, 291, 292, 295, 296, 299, 300, 302, 303, 304, 305, 308, 311, 317, 324, 326, 328, 329, 330, 343, 344, 347, 348, 349, 351, 354, 355, 358, 359, 363, 364, 367, 369, 372, 373, 374, 380, 381, 389, 393, 394, 431, 435, 436, 455, 459, 465, 468, 469, 471, 474, 475, 476, 477, 478, 479, 480, 481, 482, 483, 489, 497, 505, 513, 515, 516, 517, 518, 521, 522, 524, 531, 532, 533, 535, 536, 537, 538, 541, 542, 543, 544, 545, 551, 555, 556, 558, 559, 560, 562, 567, 570, 572, 573, 574, 575, 576, 579, 582, 584, 591, 592, 593, 594, 624, 626, 628, 643, 654, 707, 709, 712, 716, 719, 720, 722, 723, 724, 725, 726, 727, 728, 729, 731, 733, 734, 740, 741, 742, 743, 744, 745, 746, 748, 749, 750, 751, 752, 753, 754, 759, 761, 762, 763, 764, 767, 768, 769, 770], "summary": {"covered_lines": 240, "num_statements": 329, "percent_covered": 72.94832826747721, "percent_covered_display": "73", "missing_lines": 89, "excluded_lines": 0}, "missing_lines": [112, 127, 169, 226, 331, 332, 333, 334, 335, 336, 337, 338, 340, 341, 395, 396, 397, 399, 404, 406, 415, 418, 419, 425, 426, 427, 428, 429, 437, 438, 439, 442, 443, 446, 451, 452, 453, 484, 485, 598, 599, 601, 602, 603, 604, 607, 608, 610, 611, 612, 615, 616, 617, 618, 619, 629, 632, 660, 662, 664, 665, 666, 670, 671, 672, 674, 675, 677, 678, 679, 681, 682, 683, 684, 686, 687, 689, 690, 691, 693, 694, 695, 697, 702, 713, 737, 738, 771, 772], "excluded_lines": []}, "": {"executed_lines": [1, 28, 29, 30, 31, 32, 33, 34, 35, 36, 37, 38, 40, 42, 43, 45, 51, 62, 86, 87, 93, 108, 139, 144, 166, 223, 276, 376, 391, 433, 457, 487, 495, 503, 511, 526, 553, 564, 589, 596, 621, 634, 645, 656, 705, 756], "summary": {"covered_lines": 43, "num_statements": 43, "percent_covered": 100.0, "percent_covered_display": "100", "missing_lines": 0, "excluded_lines": 0}, "missing_lines": [], "excluded_lines": []}}}, "src/statemachine_engine/database/__init__.py": {"executed_lines": [1, 2, 3, 4, 5, 7], "summary": {"covered_lines": 6, "num_statements": 6, "percent_covered": 100.0, "percent_covered_display": "100", "missing_lines": 0, "excluded_lines": 0}, "missing_lines": [], "excluded_lines": [], "functions": {"": {"executed_lines": [1, 2, 3, 4, 5, 7], "summary": {"covered_lines": 6, "num_statements": 6, "percent_covered": 100.0, "percent_covered_display": "100", "missing_lines": 0, "excluded_lines": 0}, "missing_lines": [], "excluded_lines": []}}, "classes": {"": {"executed_lines": [1, 2, 3, 4, 5, 7], "summary": {"covered_lines": 6, "num_statements": 6, "percent_covered": 100.0, "percent_covered_display": "100", "missing_lines": 0, "excluded_lines": 0}, "missing_lines": [], "excluded_lines": []}}}, "src/statemachine_engine/database/cli.py": {"executed_lines": [2, 9, 10, 11, 12, 13, 16, 18, 19, 22, 44, 67, 88, 108, 133, 165, 200, 251, 269, 288, 310, 347, 349, 351, 352, 360, 361, 362, 363, 364, 365, 368, 369, 370, 372, 377, 378, 379, 380, 385, 386, 388, 389, 391, 396, 397, 398, 399, 404, 405, 406, 407, 408, 409, 410, 411, 413, 418, 462, 488, 549, 614, 654, 722, 789, 844, 992, 1178], "summary": {"covered_lines": 67, "num_statements": 662, "percent_covered": 10.120845921450151, "percent_covered_display": "10", "missing_lines": 595, "excluded_lines": 0}, "missing_lines": [24, 25, 28, 29, 32, 33, 34, 35, 37, 39, 41, 46, 49, 50, 51, 52, 53, 55, 56, 57, 58, 59, 60, 69, 70, 72, 73, 74, 75, 76, 79, 80, 81, 82, 83, 84, 86, 90, 92, 93, 94, 95, 97, 98, 99, 100, 101, 102, 103, 104, 105, 110, 112, 113, 115, 116, 117, 120, 121, 122, 123, 124, 125, 126, 127, 129, 131, 135, 138, 139, 141, 146, 149, 155, 157, 159, 160, 162, 167, 169, 170, 172, 173, 174, 175, 177, 178, 179, 180, 182, 185, 186, 187, 188, 190, 191, 192, 193, 195, 197, 198, 202, 203, 205, 208, 211, 212, 213, 214, 215, 216, 219, 220, 221, 222, 223, 224, 225, 228, 229, 232, 233, 240, 241, 242, 243, 244, 245, 246, 247, 248, 253, 256, 257, 258, 259, 261, 262, 263, 264, 265, 266, 267, 271, 274, 275, 276, 277, 279, 280, 281, 282, 283, 284, 285, 286, 290, 293, 294, 295, 296, 298, 299, 300, 301, 303, 304, 305, 306, 307, 308, 312, 313, 315, 318, 319, 320, 321, 322, 323, 324, 326, 328, 329, 330, 333, 334, 337, 338, 339, 340, 342, 343, 344, 345, 381, 382, 400, 402, 414, 415, 416, 420, 422, 423, 429, 430, 431, 432, 433, 434, 435, 436, 437, 440, 441, 442, 443, 444, 445, 455, 456, 458, 459, 460, 464, 466, 467, 469, 470, 471, 473, 474, 475, 476, 477, 478, 479, 480, 482, 484, 485, 486, 490, 491, 492, 494, 496, 497, 498, 501, 507, 510, 511, 513, 514, 515, 516, 519, 520, 521, 522, 524, 527, 528, 530, 531, 532, 533, 534, 535, 536, 537, 538, 539, 540, 541, 542, 544, 545, 547, 551, 552, 553, 555, 556, 557, 560, 561, 563, 564, 565, 566, 567, 568, 569, 571, 572, 574, 576, 581, 582, 583, 584, 587, 588, 591, 592, 595, 596, 597, 598, 599, 600, 601, 602, 604, 605, 606, 607, 609, 611, 612, 616, 619, 620, 632, 633, 634, 642, 643, 645, 646, 647, 649, 650, 652, 656, 658, 659, 661, 670, 673, 674, 675, 678, 679, 680, 682, 683, 685, 687, 688, 689, 692, 693, 694, 695, 696, 704, 705, 706, 708, 709, 711, 712, 716, 718, 719, 720, 724, 726, 727, 729, 738, 741, 742, 743, 746, 747, 748, 750, 751, 753, 755, 756, 757, 760, 761, 762, 763, 764, 771, 772, 773, 775, 776, 778, 779, 783, 785, 786, 787, 791, 793, 794, 795, 808, 809, 811, 813, 814, 815, 818, 819, 821, 823, 824, 825, 826, 828, 838, 839, 841, 842, 846, 848, 849, 851, 852, 854, 869, 884, 900, 903, 904, 907, 908, 916, 917, 918, 919, 920, 921, 922, 925, 926, 927, 929, 931, 932, 933, 934, 935, 938, 939, 940, 941, 942, 943, 944, 947, 948, 950, 960, 963, 964, 965, 967, 968, 970, 971, 972, 973, 975, 984, 985, 987, 988, 989, 990, 993, 994, 997, 1000, 1001, 1003, 1004, 1007, 1008, 1011, 1012, 1016, 1017, 1021, 1022, 1026, 1027, 1028, 1030, 1032, 1034, 1038, 1039, 1042, 1043, 1044, 1047, 1048, 1049, 1053, 1054, 1058, 1059, 1061, 1063, 1065, 1067, 1071, 1072, 1074, 1076, 1080, 1081, 1084, 1085, 1088, 1091, 1092, 1096, 1097, 1098, 1099, 1101, 1105, 1106, 1107, 1108, 1110, 1114, 1115, 1119, 1120, 1122, 1125, 1127, 1128, 1129, 1131, 1132, 1133, 1134, 1135, 1136, 1137, 1138, 1139, 1140, 1141, 1142, 1143, 1144, 1145, 1146, 1147, 1148, 1149, 1150, 1151, 1152, 1153, 1154, 1155, 1156, 1157, 1158, 1159, 1160, 1161, 1162, 1163, 1164, 1165, 1166, 1167, 1168, 1169, 1170, 1171, 1172, 1173, 1174, 1175, 1176, 1179], "excluded_lines": [], "functions": {"_send_wake_up_socket": {"executed_lines": [], "summary": {"covered_lines": 0, "num_statements": 11, "percent_covered": 0.0, "percent_covered_display": "0", "missing_lines": 11, "excluded_lines": 0}, "missing_lines": [24, 25, 28, 29, 32, 33, 34, 35, 37, 39, 41], "excluded_lines": []}, "cmd_status": {"executed_lines": [], "summary": {"covered_lines": 0, "num_statements": 12, "percent_covered": 0.0, "percent_covered_display": "0", "missing_lines": 12, "excluded_lines": 0}, "missing_lines": [46, 49, 50, 51, 52, 53, 55, 56, 57, 58, 59, 60], "excluded_lines": []}, "cmd_list_jobs": {"executed_lines": [], "summary": {"covered_lines": 0, "num_statements": 14, "percent_covered": 0.0, "percent_covered_display": "0", "missing_lines": 14, "excluded_lines": 0}, "missing_lines": [69, 70, 72, 73, 74, 75, 76, 79, 80, 81, 82, 83, 84, 86], "excluded_lines": []}, "cmd_job_details": {"executed_lines": [], "summary": {"covered_lines": 0, "num_statements": 14, "percent_covered": 0.0, "percent_covered_display": "0", "missing_lines": 14, "excluded_lines": 0}, "missing_lines": [90, 92, 93, 94, 95, 97, 98, 99, 100, 101, 102, 103, 104, 105], "excluded_lines": []}, "cmd_cleanup": {"executed_lines": [], "summary": {"covered_lines": 0, "num_statements": 16, "percent_covered": 0.0, "percent_covered_display": "0", "missing_lines": 16, "excluded_lines": 0}, "missing_lines": [110, 112, 113, 115, 116, 117, 120, 121, 122, 123, 124, 125, 126, 127, 129, 131], "excluded_lines": []}, "cmd_reset_processing": {"executed_lines": [], "summary": {"covered_lines": 0, "num_statements": 11, "percent_covered": 0.0, "percent_covered_display": "0", "missing_lines": 11, "excluded_lines": 0}, "missing_lines": [135, 138, 139, 141, 146, 149, 155, 157, 159, 160, 162], "excluded_lines": []}, "cmd_cleanup_events": {"executed_lines": [], "summary": {"covered_lines": 0, "num_statements": 23, "percent_covered": 0.0, "percent_covered_display": "0", "missing_lines": 23, "excluded_lines": 0}, "missing_lines": [167, 169, 170, 172, 173, 174, 175, 177, 178, 179, 180, 182, 185, 186, 187, 188, 190, 191, 192, 193, 195, 197, 198], "excluded_lines": []}, "cmd_add_job": {"executed_lines": [], "summary": {"covered_lines": 0, "num_statements": 30, "percent_covered": 0.0, "percent_covered_display": "0", "missing_lines": 30, "excluded_lines": 0}, "missing_lines": [202, 203, 205, 208, 211, 212, 213, 214, 215, 216, 219, 220, 221, 222, 223, 224, 225, 228, 229, 232, 233, 240, 241, 242, 243, 244, 245, 246, 247, 248], "excluded_lines": []}, "cmd_complete_job": {"executed_lines": [], "summary": {"covered_lines": 0, "num_statements": 12, "percent_covered": 0.0, "percent_covered_display": "0", "missing_lines": 12, "excluded_lines": 0}, "missing_lines": [253, 256, 257, 258, 259, 261, 262, 263, 264, 265, 266, 267], "excluded_lines": []}, "cmd_fail_job": {"executed_lines": [], "summary": {"covered_lines": 0, "num_statements": 13, "percent_covered": 0.0, "percent_covered_display": "0", "missing_lines": 13, "excluded_lines": 0}, "missing_lines": [271, 274, 275, 276, 277, 279, 280, 281, 282, 283, 284, 285, 286], "excluded_lines": []}, "cmd_remove_job": {"executed_lines": [], "summary": {"covered_lines": 0, "num_statements": 15, "percent_covered": 0.0, "percent_covered_display": "0", "missing_lines": 15, "excluded_lines": 0}, "missing_lines": [290, 293, 294, 295, 296, 298, 299, 300, 301, 303, 304, 305, 306, 307, 308], "excluded_lines": []}, "cmd_recreate_database": {"executed_lines": [], "summary": {"covered_lines": 0, "num_statements": 24, "percent_covered": 0.0, "percent_covered_display": "0", "missing_lines": 24, "excluded_lines": 0}, "missing_lines": [312, 313, 315, 318, 319, 320, 321, 322, 323, 324, 326, 328, 329, 330, 333, 334, 337, 338, 339, 340, 342, 343, 344, 345], "excluded_lines": []}, "cmd_send_event": {"executed_lines": [349, 351, 352, 360, 361, 362, 363, 364, 365, 368, 369, 370, 372, 377, 378, 379, 380, 385, 386, 388, 389, 391, 396, 397, 398, 399, 404, 405, 406, 407, 408, 409, 410, 411, 413], "summary": {"covered_lines": 35, "num_statements": 42, "percent_covered": 83.33333333333333, "percent_covered_display": "83", "missing_lines": 7, "excluded_lines": 0}, "missing_lines": [381, 382, 400, 402, 414, 415, 416], "excluded_lines": []}, "cmd_list_events": {"executed_lines": [], "summary": {"covered_lines": 0, "num_statements": 23, "percent_covered": 0.0, "percent_covered_display": "0", "missing_lines": 23, "excluded_lines": 0}, "missing_lines": [420, 422, 423, 429, 430, 431, 432, 433, 434, 435, 436, 437, 440, 441, 442, 443, 444, 445, 455, 456, 458, 459, 460], "excluded_lines": []}, "cmd_process_events": {"executed_lines": [], "summary": {"covered_lines": 0, "num_statements": 18, "percent_covered": 0.0, "percent_covered_display": "0", "missing_lines": 18, "excluded_lines": 0}, "missing_lines": [464, 466, 467, 469, 470, 471, 473, 474, 475, 476, 477, 478, 479, 480, 482, 484, 485, 486], "excluded_lines": []}, "cmd_machine_status": {"executed_lines": [], "summary": {"covered_lines": 0, "num_statements": 38, "percent_covered": 0.0, "percent_covered_display": "0", "missing_lines": 38, "excluded_lines": 0}, "missing_lines": [490, 491, 492, 494, 496, 497, 498, 501, 507, 510, 511, 513, 514, 515, 516, 519, 520, 521, 522, 524, 527, 528, 530, 531, 532, 533, 534, 535, 536, 537, 538, 539, 540, 541, 542, 544, 545, 547], "excluded_lines": []}, "cmd_machine_health": {"executed_lines": [], "summary": {"covered_lines": 0, "num_statements": 42, "percent_covered": 0.0, "percent_covered_display": "0", "missing_lines": 42, "excluded_lines": 0}, "missing_lines": [551, 552, 553, 555, 556, 557, 560, 561, 563, 564, 565, 566, 567, 568, 569, 571, 572, 574, 576, 581, 582, 583, 584, 587, 588, 591, 592, 595, 596, 597, 598, 599, 600, 601, 602, 604, 605, 606, 607, 609, 611, 612], "excluded_lines": []}, "cmd_machine_state": {"executed_lines": [], "summary": {"covered_lines": 0, "num_statements": 14, "percent_covered": 0.0, "percent_covered_display": "0", "missing_lines": 14, "excluded_lines": 0}, "missing_lines": [616, 619, 620, 632, 633, 634, 642, 643, 645, 646, 647, 649, 650, 652], "excluded_lines": []}, "cmd_transition_history": {"executed_lines": [], "summary": {"covered_lines": 0, "num_statements": 33, "percent_covered": 0.0, "percent_covered_display": "0", "missing_lines": 33, "excluded_lines": 0}, "missing_lines": [656, 658, 659, 661, 670, 673, 674, 675, 678, 679, 680, 682, 683, 685, 687, 688, 689, 692, 693, 694, 695, 696, 704, 705, 706, 708, 709, 711, 712, 716, 718, 719, 720], "excluded_lines": []}, "cmd_error_history": {"executed_lines": [], "summary": {"covered_lines": 0, "num_statements": 33, "percent_covered": 0.0, "percent_covered_display": "0", "missing_lines": 33, "excluded_lines": 0}, "missing_lines": [724, 726, 727, 729, 738, 741, 742, 743, 746, 747, 748, 750, 751, 753, 755, 756, 757, 760, 761, 762, 763, 764, 771, 772, 773, 775, 776, 778, 779, 783, 785, 786, 787], "excluded_lines": []}, "cmd_controller_log": {"executed_lines": [], "summary": {"covered_lines": 0, "num_statements": 22, "percent_covered": 0.0, "percent_covered_display": "0", "missing_lines": 22, "excluded_lines": 0}, "missing_lines": [791, 793, 794, 795, 808, 809, 811, 813, 814, 815, 818, 819, 821, 823, 824, 825, 826, 828, 838, 839, 841, 842], "excluded_lines": []}, "cmd_list_errors": {"executed_lines": [], "summary": {"covered_lines": 0, "num_statements": 56, "percent_covered": 0.0, "percent_covered_display": "0", "missing_lines": 56, "excluded_lines": 0}, "missing_lines": [846, 848, 849, 851, 852, 854, 869, 884, 900, 903, 904, 907, 908, 916, 917, 918, 919, 920, 921, 922, 925, 926, 927, 929, 931, 932, 933, 934, 935, 938, 939, 940, 941, 942, 943, 944, 947, 948, 950, 960, 963, 964, 965, 967, 968, 970, 971, 972, 973, 975, 984, 985, 987, 988, 989, 990], "excluded_lines": []}, "main": {"executed_lines": [], "summary": {"covered_lines": 0, "num_statements": 113, "percent_covered": 0.0, "percent_covered_display": "0", "missing_lines": 113, "excluded_lines": 0}, "missing_lines": [993, 994, 997, 1000, 1001, 1003, 1004, 1007, 1008, 1011, 1012, 1016, 1017, 1021, 1022, 1026, 1027, 1028, 1030, 1032, 1034, 1038, 1039, 1042, 1043, 1044, 1047, 1048, 1049, 1053, 1054, 1058, 1059, 1061, 1063, 1065, 1067, 1071, 1072, 1074, 1076, 1080, 1081, 1084, 1085, 1088, 1091, 1092, 1096, 1097, 1098, 1099, 1101, 1105, 1106, 1107, 1108, 1110, 1114, 1115, 1119, 1120, 1122, 1125, 1127, 1128, 1129, 1131, 1132, 1133, 1134, 1135, 1136, 1137, 1138, 1139, 1140, 1141, 1142, 1143, 1144, 1145, 1146, 1147, 1148, 1149, 1150, 1151, 1152, 1153, 1154, 1155, 1156, 1157, 1158, 1159, 1160, 1161, 1162, 1163, 1164, 1165, 1166, 1167, 1168, 1169, 1170, 1171, 1172, 1173, 1174, 1175, 1176], "excluded_lines": []}, "": {"executed_lines": [2, 9, 10, 11, 12, 13, 16, 18, 19, 22, 44, 67, 88, 108, 133, 165, 200, 251, 269, 288, 310, 347, 418, 462, 488, 549, 614, 654, 722, 789, 844, 992, 1178], "summary": {"covered_lines": 32, "num_statements": 33, "percent_covered": 96.96969696969697, "percent_covered_display": "97", "missing_lines": 1, "excluded_lines": 0}, "missing_lines": [1179], "excluded_lines": []}}, "classes": {"": {"executed_lines": [2, 9, 10, 11, 12, 13, 16, 18, 19, 22, 44, 67, 88, 108, 133, 165, 200, 251, 269, 288, 310, 347, 349, 351, 352, 360, 361, 362, 363, 364, 365, 368, 369, 370, 372, 377, 378, 379, 380, 385, 386, 388, 389, 391, 396, 397, 398, 399, 404, 405, 406, 407, 408, 409, 410, 411, 413, 418, 462, 488, 549, 614, 654, 722, 789, 844, 992, 1178], "summary": {"covered_lines": 67, "num_statements": 662, "percent_covered": 10.120845921450151, "percent_covered_display": "10", "missing_lines": 595, "excluded_lines": 0}, "missing_lines": [24, 25, 28, 29, 32, 33, 34, 35, 37, 39, 41, 46, 49, 50, 51, 52, 53, 55, 56, 57, 58, 59, 60, 69, 70, 72, 73, 74, 75, 76, 79, 80, 81, 82, 83, 84, 86, 90, 92, 93, 94, 95, 97, 98, 99, 100, 101, 102, 103, 104, 105, 110, 112, 113, 115, 116, 117, 120, 121, 122, 123, 124, 125, 126, 127, 129, 131, 135, 138, 139, 141, 146, 149, 155, 157, 159, 160, 162, 167, 169, 170, 172, 173, 174, 175, 177, 178, 179, 180, 182, 185, 186, 187, 188, 190, 191, 192, 193, 195, 197, 198, 202, 203, 205, 208, 211, 212, 213, 214, 215, 216, 219, 220, 221, 222, 223, 224, 225, 228, 229, 232, 233, 240, 241, 242, 243, 244, 245, 246, 247, 248, 253, 256, 257, 258, 259, 261, 262, 263, 264, 265, 266, 267, 271, 274, 275, 276, 277, 279, 280, 281, 282, 283, 284, 285, 286, 290, 293, 294, 295, 296, 298, 299, 300, 301, 303, 304, 305, 306, 307, 308, 312, 313, 315, 318, 319, 320, 321, 322, 323, 324, 326, 328, 329, 330, 333, 334, 337, 338, 339, 340, 342, 343, 344, 345, 381, 382, 400, 402, 414, 415, 416, 420, 422, 423, 429, 430, 431, 432, 433, 434, 435, 436, 437, 440, 441, 442, 443, 444, 445, 455, 456, 458, 459, 460, 464, 466, 467, 469, 470, 471, 473, 474, 475, 476, 477, 478, 479, 480, 482, 484, 485, 486, 490, 491, 492, 494, 496, 497, 498, 501, 507, 510, 511, 513, 514, 515, 516, 519, 520, 521, 522, 524, 527, 528, 530, 531, 532, 533, 534, 535, 536, 537, 538, 539, 540, 541, 542, 544, 545, 547, 551, 552, 553, 555, 556, 557, 560, 561, 563, 564, 565, 566, 567, 568, 569, 571, 572, 574, 576, 581, 582, 583, 584, 587, 588, 591, 592, 595, 596, 597, 598, 599, 600, 601, 602, 604, 605, 606, 607, 609, 611, 612, 616, 619, 620, 632, 633, 634, 642, 643, 645, 646, 647, 649, 650, 652, 656, 658, 659, 661, 670, 673, 674, 675, 678, 679, 680, 682, 683, 685, 687, 688, 689, 692, 693, 694, 695, 696, 704, 705, 706, 708, 709, 711, 712, 716, 718, 719, 720, 724, 726, 727, 729, 738, 741, 742, 743, 746, 747, 748, 750, 751, 753, 755, 756, 757, 760, 761, 762, 763, 764, 771, 772, 773, 775, 776, 778, 779, 783, 785, 786, 787, 791, 793, 794, 795, 808, 809, 811, 813, 814, 815, 818, 819, 821, 823, 824, 825, 826, 828, 838, 839, 841, 842, 846, 848, 849, 851, 852, 854, 869, 884, 900, 903, 904, 907, 908, 916, 917, 918, 919, 920, 921, 922, 925, 926, 927, 929, 931, 932, 933, 934, 935, 938, 939, 940, 941, 942, 943, 944, 947, 948, 950, 960, 963, 964, 965, 967, 968, 970, 971, 972, 973, 975, 984, 985, 987, 988, 989, 990, 993, 994, 997, 1000, 1001, 1003, 1004, 1007, 1008, 1011, 1012, 1016, 1017, 1021, 1022, 1026, 1027, 1028, 1030, 1032, 1034, 1038, 1039, 1042, 1043, 1044, 1047, 1048, 1049, 1053, 1054, 1058, 1059, 1061, 1063, 1065, 1067, 1071, 1072, 1074, 1076, 1080, 1081, 1084, 1085, 1088, 1091, 1092, 1096, 1097, 1098, 1099, 1101, 1105, 1106, 1107, 1108, 1110, 1114, 1115, 1119, 1120, 1122, 1125, 1127, 1128, 1129, 1131, 1132, 1133, 1134, 1135, 1136, 1137, 1138, 1139, 1140, 1141, 1142, 1143, 1144, 1145, 1146, 1147, 1148, 1149, 1150, 1151, 1152, 1153, 1154, 1155, 1156, 1157, 1158, 1159, 1160, 1161, 1162, 1163, 1164, 1165, 1166, 1167, 1168, 1169, 1170, 1171, 1172, 1173, 1174, 1175, 1176, 1179], "excluded_lines": []}}}, "src/statemachine_engine/database/models/__init__.py": {"executed_lines": [1, 9, 10, 11, 12, 13, 15, 24, 26, 29, 30, 31, 33, 35, 37, 39, 41, 43, 45], "summary": {"covered_lines": 18, "num_statements": 19, "percent_covered": 94.73684210526316, "percent_covered_display": "95", "missing_lines": 1, "excluded_lines": 0}, "missing_lines": [47], "excluded_lines": [], "functions": {"get_database": {"executed_lines": [29, 30, 31], "summary": {"covered_lines": 3, "num_statements": 3, "percent_covered": 100.0, "percent_covered_display": "100", "missing_lines": 0, "excluded_lines": 0}, "missing_lines": [], "excluded_lines": []}, "get_job_model": {"executed_lines": [35], "summary": {"covered_lines": 1, "num_statements": 1, "percent_covered": 100.0, "percent_covered_display": "100", "missing_lines": 0, "excluded_lines": 0}, "missing_lines": [], "excluded_lines": []}, "get_machine_event_model": {"executed_lines": [39], "summary": {"covered_lines": 1, "num_statements": 1, "percent_covered": 100.0, "percent_covered_display": "100", "missing_lines": 0, "excluded_lines": 0}, "missing_lines": [], "excluded_lines": []}, "get_realtime_event_model": {"executed_lines": [43], "summary": {"covered_lines": 1, "num_statements": 1, "percent_covered": 100.0, "percent_covered_display": "100", "missing_lines": 0, "excluded_lines": 0}, "missing_lines": [], "excluded_lines": []}, "get_machine_state_model": {"executed_lines": [], "summary": {"covered_lines": 0, "num_statements": 1, "percent_covered": 0.0, "percent_covered_display": "0", "missing_lines": 1, "excluded_lines": 0}, "missing_lines": [47], "excluded_lines": []}, "": {"executed_lines": [1, 9, 10, 11, 12, 13, 15, 24, 26, 33, 37, 41, 45], "summary": {"covered_lines": 12, "num_statements": 12, "percent_covered": 100.0, "percent_covered_display": "100", "missing_lines": 0, "excluded_lines": 0}, "missing_lines": [], "excluded_lines": []}}, "classes": {"": {"executed_lines": [1, 9, 10, 11, 12, 13, 15, 24, 26, 29, 30, 31, 33, 35, 37, 39, 41, 43, 45], "summary": {"covered_lines": 18, "num_statements": 19, "percent_covered": 94.73684210526316, "percent_covered_display": "95", "missing_lines": 1, "excluded_lines": 0}, "missing_lines": [47], "excluded_lines": []}}}, "src/statemachine_engine/database/models/base.py": {"executed_lines": [1, 9, 10, 11, 12, 14, 16, 17, 19, 20, 21, 22, 23, 25, 26, 34, 35, 36, 37, 39, 41, 43, 44, 45, 46, 47, 49, 52, 53, 54, 55, 58, 59], "summary": {"covered_lines": 31, "num_statements": 33, "percent_covered": 93.93939393939394, "percent_covered_display": "94", "missing_lines": 2, "excluded_lines": 0}, "missing_lines": [60, 61], "excluded_lines": [], "functions": {"Database.__init__": {"executed_lines": [20, 21, 22, 23], "summary": {"covered_lines": 4, "num_statements": 4, "percent_covered": 100.0, "percent_covered_display": "100", "missing_lines": 0, "excluded_lines": 0}, "missing_lines": [], "excluded_lines": []}, "Database._get_connection": {"executed_lines": [34, 35, 36, 37, 39], "summary": {"covered_lines": 5, "num_statements": 5, "percent_covered": 100.0, "percent_covered_display": "100", "missing_lines": 0, "excluded_lines": 0}, "missing_lines": [], "excluded_lines": []}, "Database._execute_schema_file": {"executed_lines": [43, 44, 45, 46, 47], "summary": {"covered_lines": 5, "num_statements": 5, "percent_covered": 100.0, "percent_covered_display": "100", "missing_lines": 0, "excluded_lines": 0}, "missing_lines": [], "excluded_lines": []}, "Database._ensure_tables": {"executed_lines": [52, 53, 54, 55, 58, 59], "summary": {"covered_lines": 6, "num_statements": 8, "percent_covered": 75.0, "percent_covered_display": "75", "missing_lines": 2, "excluded_lines": 0}, "missing_lines": [60, 61], "excluded_lines": []}, "": {"executed_lines": [1, 9, 10, 11, 12, 14, 16, 17, 19, 25, 26, 41, 49], "summary": {"covered_lines": 11, "num_statements": 11, "percent_covered": 100.0, "percent_covered_display": "100", "missing_lines": 0, "excluded_lines": 0}, "missing_lines": [], "excluded_lines": []}}, "classes": {"Database": {"executed_lines": [20, 21, 22, 23, 34, 35, 36, 37, 39, 43, 44, 45, 46, 47, 52, 53, 54, 55, 58, 59], "summary": {"covered_lines": 20, "num_statements": 22, "percent_covered": 90.9090909090909, "percent_covered_display": "91", "missing_lines": 2, "excluded_lines": 0}, "missing_lines": [60, 61], "excluded_lines": []}, "": {"executed_lines": [1, 9, 10, 11, 12, 14, 16, 17, 19, 25, 26, 41, 49], "summary": {"covered_lines": 11, "num_statements": 11, "percent_covered": 100.0, "percent_covered_display": "100", "missing_lines": 0, "excluded_lines": 0}, "missing_lines": [], "excluded_lines": []}}}, "src/statemachine_engine/database/models/job.py": {"executed_lines": [1, 9, 10, 11, 12, 13, 14, 16, 18, 19, 21, 22, 24, 45, 46, 59, 60, 62, 75, 76, 77, 79, 80, 81, 84, 85, 86, 89, 91, 93, 95, 100, 103, 105, 106, 107, 108, 109, 114, 121, 128, 129, 131, 142, 144, 145, 150, 152, 162, 164, 165, 166, 167, 169, 170, 171, 176, 183, 190, 193, 196, 197, 198, 200, 201, 202, 204, 208, 212, 213, 215, 216, 217, 218, 220, 221, 222, 227, 234, 241, 242, 244, 264, 275, 307], "summary": {"covered_lines": 83, "num_statements": 176, "percent_covered": 47.15909090909091, "percent_covered_display": "47", "missing_lines": 93, "excluded_lines": 0}, "missing_lines": [110, 111, 112, 115, 116, 117, 118, 119, 122, 123, 124, 125, 126, 133, 134, 140, 154, 155, 160, 172, 173, 174, 177, 178, 179, 180, 181, 184, 185, 186, 187, 188, 191, 205, 206, 209, 210, 223, 224, 225, 228, 229, 230, 231, 232, 235, 236, 237, 238, 239, 246, 247, 248, 250, 251, 252, 254, 255, 256, 258, 259, 260, 262, 266, 267, 272, 273, 277, 278, 279, 281, 282, 283, 285, 287, 289, 290, 291, 293, 294, 295, 296, 297, 298, 299, 300, 301, 302, 303, 305, 309, 310, 315], "excluded_lines": [], "functions": {"JobModel.__init__": {"executed_lines": [22], "summary": {"covered_lines": 1, "num_statements": 1, "percent_covered": 100.0, "percent_covered_display": "100", "missing_lines": 0, "excluded_lines": 0}, "missing_lines": [], "excluded_lines": []}, "JobModel.create_job": {"executed_lines": [45, 46, 59, 60], "summary": {"covered_lines": 4, "num_statements": 4, "percent_covered": 100.0, "percent_covered_display": "100", "missing_lines": 0, "excluded_lines": 0}, "missing_lines": [], "excluded_lines": []}, "JobModel.get_next_job": {"executed_lines": [75, 76, 77, 79, 80, 81, 84, 85, 86, 89, 91, 93, 95, 100, 103, 105, 106, 107, 108, 109, 114, 121, 128, 129], "summary": {"covered_lines": 24, "num_statements": 37, "percent_covered": 64.86486486486487, "percent_covered_display": "65", "missing_lines": 13, "excluded_lines": 0}, "missing_lines": [110, 111, 112, 115, 116, 117, 118, 119, 122, 123, 124, 125, 126], "excluded_lines": []}, "JobModel.get_latest_job_by_type": {"executed_lines": [], "summary": {"covered_lines": 0, "num_statements": 3, "percent_covered": 0.0, "percent_covered_display": "0", "missing_lines": 3, "excluded_lines": 0}, "missing_lines": [133, 134, 140], "excluded_lines": []}, "JobModel.complete_job": {"executed_lines": [144, 145, 150], "summary": {"covered_lines": 3, "num_statements": 3, "percent_covered": 100.0, "percent_covered_display": "100", "missing_lines": 0, "excluded_lines": 0}, "missing_lines": [], "excluded_lines": []}, "JobModel.fail_job": {"executed_lines": [], "summary": {"covered_lines": 0, "num_statements": 3, "percent_covered": 0.0, "percent_covered_display": "0", "missing_lines": 3, "excluded_lines": 0}, "missing_lines": [154, 155, 160], "excluded_lines": []}, "JobModel.get_job": {"executed_lines": [164, 165, 166, 167, 169, 170, 171, 176, 183, 190], "summary": {"covered_lines": 10, "num_statements": 24, "percent_covered": 41.666666666666664, "percent_covered_display": "42", "missing_lines": 14, "excluded_lines": 0}, "missing_lines": [172, 173, 174, 177, 178, 179, 180, 181, 184, 185, 186, 187, 188, 191], "excluded_lines": []}, "JobModel.list_jobs": {"executed_lines": [196, 197, 198, 200, 201, 202, 204, 208, 212, 213, 215, 216, 217, 218, 220, 221, 222, 227, 234, 241, 242], "summary": {"covered_lines": 21, "num_statements": 38, "percent_covered": 55.26315789473684, "percent_covered_display": "55", "missing_lines": 17, "excluded_lines": 0}, "missing_lines": [205, 206, 209, 210, 223, 224, 225, 228, 229, 230, 231, 232, 235, 236, 237, 238, 239], "excluded_lines": []}, "JobModel.count_jobs": {"executed_lines": [], "summary": {"covered_lines": 0, "num_statements": 13, "percent_covered": 0.0, "percent_covered_display": "0", "missing_lines": 13, "excluded_lines": 0}, "missing_lines": [246, 247, 248, 250, 251, 252, 254, 255, 256, 258, 259, 260, 262], "excluded_lines": []}, "JobModel.reset_job_to_pending": {"executed_lines": [], "summary": {"covered_lines": 0, "num_statements": 4, "percent_covered": 0.0, "percent_covered_display": "0", "missing_lines": 4, "excluded_lines": 0}, "missing_lines": [266, 267, 272, 273], "excluded_lines": []}, "JobModel.get_processing_jobs_with_missing_files": {"executed_lines": [], "summary": {"covered_lines": 0, "num_statements": 23, "percent_covered": 0.0, "percent_covered_display": "0", "missing_lines": 23, "excluded_lines": 0}, "missing_lines": [277, 278, 279, 281, 282, 283, 285, 287, 289, 290, 291, 293, 294, 295, 296, 297, 298, 299, 300, 301, 302, 303, 305], "excluded_lines": []}, "JobModel.store_pipeline_result": {"executed_lines": [], "summary": {"covered_lines": 0, "num_statements": 3, "percent_covered": 0.0, "percent_covered_display": "0", "missing_lines": 3, "excluded_lines": 0}, "missing_lines": [309, 310, 315], "excluded_lines": []}, "": {"executed_lines": [1, 9, 10, 11, 12, 13, 14, 16, 18, 19, 21, 24, 62, 131, 142, 152, 162, 193, 244, 264, 275, 307], "summary": {"covered_lines": 20, "num_statements": 20, "percent_covered": 100.0, "percent_covered_display": "100", "missing_lines": 0, "excluded_lines": 0}, "missing_lines": [], "excluded_lines": []}}, "classes": {"JobModel": {"executed_lines": [22, 45, 46, 59, 60, 75, 76, 77, 79, 80, 81, 84, 85, 86, 89, 91, 93, 95, 100, 103, 105, 106, 107, 108, 109, 114, 121, 128, 129, 144, 145, 150, 164, 165, 166, 167, 169, 170, 171, 176, 183, 190, 196, 197, 198, 200, 201, 202, 204, 208, 212, 213, 215, 216, 217, 218, 220, 221, 222, 227, 234, 241, 242], "summary": {"covered_lines": 63, "num_statements": 156, "percent_covered": 40.38461538461539, "percent_covered_display": "40", "missing_lines": 93, "excluded_lines": 0}, "missing_lines": [110, 111, 112, 115, 116, 117, 118, 119, 122, 123, 124, 125, 126, 133, 134, 140, 154, 155, 160, 172, 173, 174, 177, 178, 179, 180, 181, 184, 185, 186, 187, 188, 191, 205, 206, 209, 210, 223, 224, 225, 228, 229, 230, 231, 232, 235, 236, 237, 238, 239, 246, 247, 248, 250, 251, 252, 254, 255, 256, 258, 259, 260, 262, 266, 267, 272, 273, 277, 278, 279, 281, 282, 283, 285, 287, 289, 290, 291, 293, 294, 295, 296, 297, 298, 299, 300, 301, 302, 303, 305, 309, 310, 315], "excluded_lines": []}, "": {"executed_lines": [1, 9, 10, 11, 12, 13, 14, 16, 18, 19, 21, 24, 62, 131, 142, 152, 162, 193, 244, 264, 275, 307], "summary": {"covered_lines": 20, "num_statements": 20, "percent_covered": 100.0, "percent_covered_display": "100", "missing_lines": 0, "excluded_lines": 0}, "missing_lines": [], "excluded_lines": []}}}, "src/statemachine_engine/database/models/machine_event.py": {"executed_lines": [1, 9, 10, 11, 12, 13, 15, 17, 18, 20, 21, 23, 26, 27, 31, 32, 34, 36, 37, 42, 44, 46, 47, 52, 54, 57, 58, 59, 61, 62, 63, 65, 66, 67, 69, 70, 72, 73], "summary": {"covered_lines": 36, "num_statements": 36, "percent_covered": 100.0, "percent_covered_display": "100", "missing_lines": 0, "excluded_lines": 0}, "missing_lines": [], "excluded_lines": [], "functions": {"MachineEventModel.__init__": {"executed_lines": [21], "summary": {"covered_lines": 1, "num_statements": 1, "percent_covered": 100.0, "percent_covered_display": "100", "missing_lines": 0, "excluded_lines": 0}, "missing_lines": [], "excluded_lines": []}, "MachineEventModel.send_event": {"executed_lines": [26, 27, 31, 32], "summary": {"covered_lines": 4, "num_statements": 4, "percent_covered": 100.0, "percent_covered_display": "100", "missing_lines": 0, "excluded_lines": 0}, "missing_lines": [], "excluded_lines": []}, "MachineEventModel.get_pending_events": {"executed_lines": [36, 37, 42], "summary": {"covered_lines": 3, "num_statements": 3, "percent_covered": 100.0, "percent_covered_display": "100", "missing_lines": 0, "excluded_lines": 0}, "missing_lines": [], "excluded_lines": []}, "MachineEventModel.mark_event_processed": {"executed_lines": [46, 47, 52], "summary": {"covered_lines": 3, "num_statements": 3, "percent_covered": 100.0, "percent_covered_display": "100", "missing_lines": 0, "excluded_lines": 0}, "missing_lines"
[...]
mmary": {"covered_lines": 0, "num_statements": 30, "percent_covered": 0.0, "percent_covered_display": "0", "missing_lines": 30, "excluded_lines": 0}, "missing_lines": [885, 886, 887, 888, 889, 890, 892, 893, 896, 899, 900, 901, 904, 905, 907, 909, 912, 913, 916, 917, 918, 919, 920, 921, 922, 923, 926, 927, 928, 929], "excluded_lines": []}, "": {"executed_lines": [], "summary": {"covered_lines": 0, "num_statements": 26, "percent_covered": 0.0, "percent_covered_display": "0", "missing_lines": 26, "excluded_lines": 0}, "missing_lines": [62, 63, 64, 65, 66, 67, 68, 71, 81, 153, 217, 256, 391, 431, 459, 546, 554, 574, 604, 624, 690, 777, 831, 883, 932, 933], "excluded_lines": []}}, "classes": {"": {"executed_lines": [], "summary": {"covered_lines": 0, "num_statements": 506, "percent_covered": 0.0, "percent_covered_display": "0", "missing_lines": 506, "excluded_lines": 0}, "missing_lines": [62, 63, 64, 65, 66, 67, 68, 71, 73, 74, 75, 76, 77, 78, 81, 84, 85, 88, 89, 91, 92, 93, 94, 97, 98, 99, 100, 103, 104, 105, 107, 108, 109, 110, 112, 113, 115, 116, 119, 120, 121, 122, 123, 124, 126, 129, 130, 131, 132, 134, 136, 137, 138, 139, 140, 141, 142, 144, 145, 146, 147, 149, 150, 153, 156, 157, 160, 161, 163, 164, 165, 166, 169, 170, 171, 172, 174, 175, 177, 178, 181, 182, 183, 184, 185, 186, 188, 191, 194, 195, 196, 197, 199, 201, 202, 203, 204, 205, 206, 208, 209, 210, 211, 213, 214, 217, 219, 220, 222, 223, 224, 225, 226, 229, 230, 231, 234, 235, 237, 239, 241, 242, 243, 244, 246, 247, 248, 249, 250, 251, 253, 256, 260, 261, 262, 265, 266, 267, 270, 271, 272, 273, 276, 279, 280, 281, 284, 285, 287, 288, 289, 290, 293, 294, 296, 297, 300, 301, 302, 303, 305, 308, 311, 312, 313, 316, 317, 318, 319, 322, 323, 324, 325, 328, 329, 330, 331, 332, 334, 335, 336, 337, 340, 345, 346, 347, 348, 349, 351, 352, 355, 356, 357, 358, 359, 360, 362, 363, 366, 367, 369, 371, 372, 374, 376, 377, 378, 381, 382, 383, 384, 385, 387, 388, 391, 393, 394, 396, 397, 399, 401, 402, 403, 406, 407, 409, 410, 411, 412, 414, 415, 416, 419, 420, 421, 422, 423, 425, 426, 428, 431, 433, 435, 436, 438, 440, 441, 443, 444, 445, 446, 447, 448, 449, 450, 451, 453, 454, 456, 459, 462, 463, 464, 467, 482, 492, 493, 494, 504, 505, 506, 516, 517, 518, 521, 522, 523, 526, 527, 528, 530, 543, 546, 548, 549, 550, 551, 554, 556, 557, 559, 560, 561, 562, 565, 566, 568, 569, 571, 574, 576, 577, 580, 581, 582, 583, 585, 586, 587, 588, 591, 592, 594, 595, 598, 599, 601, 604, 606, 607, 609, 610, 611, 612, 615, 616, 618, 619, 621, 624, 626, 629, 630, 631, 632, 633, 636, 637, 640, 641, 642, 643, 644, 647, 650, 651, 652, 653, 655, 656, 657, 658, 659, 661, 662, 663, 665, 666, 667, 670, 671, 672, 673, 674, 675, 676, 677, 680, 681, 684, 685, 687, 690, 697, 698, 699, 700, 703, 704, 705, 706, 707, 710, 711, 712, 713, 717, 718, 720, 721, 722, 724, 725, 726, 728, 731, 732, 733, 734, 735, 736, 738, 739, 740, 741, 743, 746, 747, 748, 749, 750, 752, 755, 756, 757, 758, 759, 760, 762, 764, 765, 767, 768, 771, 772, 774, 777, 783, 784, 786, 803, 804, 807, 808, 810, 811, 812, 813, 814, 815, 816, 818, 828, 831, 840, 841, 842, 845, 847, 848, 849, 852, 853, 854, 855, 858, 859, 860, 861, 863, 864, 865, 866, 867, 869, 872, 873, 874, 875, 877, 878, 879, 880, 883, 885, 886, 887, 888, 889, 890, 892, 893, 896, 899, 900, 901, 904, 905, 907, 909, 912, 913, 916, 917, 918, 919, 920, 921, 922, 923, 926, 927, 928, 929, 932, 933], "excluded_lines": []}}}, "src/statemachine_engine/tools/event_monitor.py": {"executed_lines": [], "summary": {"covered_lines": 0, "num_statements": 134, "percent_covered": 0.0, "percent_covered_display": "0", "missing_lines": 134, "excluded_lines": 0}, "missing_lines": [13, 14, 15, 16, 17, 18, 19, 20, 21, 24, 27, 33, 34, 35, 36, 37, 38, 39, 40, 42, 44, 45, 46, 48, 51, 52, 53, 54, 55, 56, 57, 58, 59, 60, 61, 62, 63, 64, 65, 66, 67, 69, 71, 73, 75, 77, 78, 79, 81, 82, 83, 84, 85, 86, 87, 88, 89, 91, 93, 96, 97, 98, 99, 102, 103, 104, 105, 107, 109, 110, 112, 114, 115, 117, 118, 120, 122, 125, 126, 127, 128, 129, 130, 131, 132, 134, 135, 136, 137, 138, 140, 142, 143, 145, 147, 148, 149, 151, 152, 153, 154, 155, 156, 158, 159, 160, 161, 162, 163, 164, 165, 166, 167, 170, 171, 172, 174, 175, 176, 179, 181, 195, 200, 207, 213, 219, 226, 229, 238, 239, 240, 241, 244, 245], "excluded_lines": [], "functions": {"EventMonitor.__init__": {"executed_lines": [], "summary": {"covered_lines": 0, "num_statements": 8, "percent_covered": 0.0, "percent_covered_display": "0", "missing_lines": 8, "excluded_lines": 0}, "missing_lines": [33, 34, 35, 36, 37, 38, 39, 40], "excluded_lines": []}, "EventMonitor.format_event_human": {"executed_lines": [], "summary": {"covered_lines": 0, "num_statements": 22, "percent_covered": 0.0, "percent_covered_display": "0", "missing_lines": 22, "excluded_lines": 0}, "missing_lines": [44, 45, 46, 48, 51, 52, 53, 54, 55, 56, 57, 58, 59, 60, 61, 62, 63, 64, 65, 66, 67, 69], "excluded_lines": []}, "EventMonitor.format_event_json": {"executed_lines": [], "summary": {"covered_lines": 0, "num_statements": 1, "percent_covered": 0.0, "percent_covered_display": "0", "missing_lines": 1, "excluded_lines": 0}, "missing_lines": [73], "excluded_lines": []}, "EventMonitor.format_event_compact": {"executed_lines": [], "summary": {"covered_lines": 0, "num_statements": 13, "percent_covered": 0.0, "percent_covered_display": "0", "missing_lines": 13, "excluded_lines": 0}, "missing_lines": [77, 78, 79, 81, 82, 83, 84, 85, 86, 87, 88, 89, 91], "excluded_lines": []}, "EventMonitor.print_event": {"executed_lines": [], "summary": {"covered_lines": 0, "num_statements": 11, "percent_covered": 0.0, "percent_covered_display": "0", "missing_lines": 11, "excluded_lines": 0}, "missing_lines": [96, 97, 98, 99, 102, 103, 104, 105, 107, 109, 110], "excluded_lines": []}, "EventMonitor.check_duration": {"executed_lines": [], "summary": {"covered_lines": 0, "num_statements": 4, "percent_covered": 0.0, "percent_covered_display": "0", "missing_lines": 4, "excluded_lines": 0}, "missing_lines": [114, 115, 117, 118], "excluded_lines": []}, "EventMonitor.run": {"executed_lines": [], "summary": {"covered_lines": 0, "num_statements": 43, "percent_covered": 0.0, "percent_covered_display": "0", "missing_lines": 43, "excluded_lines": 0}, "missing_lines": [122, 125, 126, 127, 128, 129, 130, 131, 132, 134, 135, 136, 137, 138, 140, 142, 143, 145, 147, 148, 149, 151, 152, 153, 154, 155, 156, 158, 159, 160, 161, 162, 163, 164, 165, 166, 167, 170, 171, 172, 174, 175, 176], "excluded_lines": []}, "main": {"executed_lines": [], "summary": {"covered_lines": 0, "num_statements": 12, "percent_covered": 0.0, "percent_covered_display": "0", "missing_lines": 12, "excluded_lines": 0}, "missing_lines": [181, 195, 200, 207, 213, 219, 226, 229, 238, 239, 240, 241], "excluded_lines": []}, "": {"executed_lines": [], "summary": {"covered_lines": 0, "num_statements": 20, "percent_covered": 0.0, "percent_covered_display": "0", "missing_lines": 20, "excluded_lines": 0}, "missing_lines": [13, 14, 15, 16, 17, 18, 19, 20, 21, 24, 27, 42, 71, 75, 93, 112, 120, 179, 244, 245], "excluded_lines": []}}, "classes": {"EventMonitor": {"executed_lines": [], "summary": {"covered_lines": 0, "num_statements": 102, "percent_covered": 0.0, "percent_covered_display": "0", "missing_lines": 102, "excluded_lines": 0}, "missing_lines": [33, 34, 35, 36, 37, 38, 39, 40, 44, 45, 46, 48, 51, 52, 53, 54, 55, 56, 57, 58, 59, 60, 61, 62, 63, 64, 65, 66, 67, 69, 73, 77, 78, 79, 81, 82, 83, 84, 85, 86, 87, 88, 89, 91, 96, 97, 98, 99, 102, 103, 104, 105, 107, 109, 110, 114, 115, 117, 118, 122, 125, 126, 127, 128, 129, 130, 131, 132, 134, 135, 136, 137, 138, 140, 142, 143, 145, 147, 148, 149, 151, 152, 153, 154, 155, 156, 158, 159, 160, 161, 162, 163, 164, 165, 166, 167, 170, 171, 172, 174, 175, 176], "excluded_lines": []}, "": {"executed_lines": [], "summary": {"covered_lines": 0, "num_statements": 32, "percent_covered": 0.0, "percent_covered_display": "0", "missing_lines": 32, "excluded_lines": 0}, "missing_lines": [13, 14, 15, 16, 17, 18, 19, 20, 21, 24, 27, 42, 71, 75, 93, 112, 120, 179, 181, 195, 200, 207, 213, 219, 226, 229, 238, 239, 240, 241, 244, 245], "excluded_lines": []}}}, "src/statemachine_engine/tools/validate.py": {"executed_lines": [], "summary": {"covered_lines": 0, "num_statements": 230, "percent_covered": 0.0, "percent_covered_display": "0", "missing_lines": 230, "excluded_lines": 0}, "missing_lines": [36, 37, 38, 39, 40, 41, 42, 45, 46, 48, 49, 50, 51, 52, 53, 56, 57, 59, 60, 61, 62, 64, 65, 66, 67, 69, 70, 71, 74, 78, 85, 86, 88, 90, 92, 93, 94, 95, 96, 101, 102, 103, 108, 111, 112, 113, 114, 115, 116, 119, 120, 121, 122, 123, 124, 125, 126, 128, 130, 133, 135, 136, 137, 138, 140, 142, 144, 145, 147, 154, 157, 158, 159, 161, 162, 163, 167, 168, 169, 170, 171, 173, 175, 180, 181, 189, 192, 193, 194, 196, 197, 198, 200, 202, 203, 204, 207, 208, 214, 215, 223, 226, 228, 229, 230, 231, 233, 235, 236, 243, 246, 247, 250, 251, 252, 253, 254, 256, 257, 258, 259, 262, 263, 264, 265, 266, 267, 269, 271, 272, 273, 280, 283, 285, 286, 287, 288, 290, 292, 293, 300, 303, 305, 306, 312, 315, 316, 324, 329, 330, 331, 332, 333, 334, 336, 337, 339, 340, 342, 343, 344, 345, 348, 349, 350, 351, 354, 355, 356, 357, 358, 359, 360, 361, 362, 363, 364, 365, 368, 369, 370, 371, 372, 373, 374, 375, 376, 377, 378, 379, 380, 382, 385, 386, 401, 402, 404, 406, 409, 411, 412, 415, 416, 417, 420, 421, 422, 424, 431, 432, 433, 435, 436, 437, 439, 440, 441, 442, 443, 444, 446, 447, 448, 449, 450, 451, 453, 454, 457, 458], "excluded_lines": [], "functions": {"ValidationResult.add_error": {"executed_lines": [], "summary": {"covered_lines": 0, "num_statements": 3, "percent_covered": 0.0, "percent_covered_display": "0", "missing_lines": 3, "excluded_lines": 0}, "missing_lines": [65, 66, 67], "excluded_lines": []}, "ValidationResult.add_warning": {"executed_lines": [], "summary": {"covered_lines": 0, "num_statements": 2, "percent_covered": 0.0, "percent_covered_display": "0", "missing_lines": 2, "excluded_lines": 0}, "missing_lines": [70, 71], "excluded_lines": []}, "StateMachineValidator.__init__": {"executed_lines": [], "summary": {"covered_lines": 0, "num_statements": 1, "percent_covered": 0.0, "percent_covered_display": "0", "missing_lines": 1, "excluded_lines": 0}, "missing_lines": [86], "excluded_lines": []}, "StateMachineValidator.validate_config": {"executed_lines": [], "summary": {"covered_lines": 0, "num_statements": 25, "percent_covered": 0.0, "percent_covered_display": "0", "missing_lines": 25, "excluded_lines": 0}, "missing_lines": [90, 92, 93, 94, 95, 96, 101, 102, 103, 108, 111, 112, 113, 114, 115, 116, 119, 120, 121, 122, 123, 124, 125, 126, 128], "excluded_lines": []}, "StateMachineValidator._check_event_coverage": {"executed_lines": [], "summary": {"covered_lines": 0, "num_statements": 10, "percent_covered": 0.0, "percent_covered_display": "0", "missing_lines": 10, "excluded_lines": 0}, "missing_lines": [133, 135, 136, 137, 138, 140, 142, 144, 145, 147], "excluded_lines": []}, "StateMachineValidator._check_action_emissions": {"executed_lines": [], "summary": {"covered_lines": 0, "num_statements": 15, "percent_covered": 0.0, "percent_covered_display": "0", "missing_lines": 15, "excluded_lines": 0}, "missing_lines": [157, 158, 159, 161, 162, 163, 167, 168, 169, 170, 171, 173, 175, 180, 181], "excluded_lines": []}, "StateMachineValidator._check_standard_patterns": {"executed_lines": [], "summary": {"covered_lines": 0, "num_statements": 14, "percent_covered": 0.0, "percent_covered_display": "0", "missing_lines": 14, "excluded_lines": 0}, "missing_lines": [192, 193, 194, 196, 197, 198, 200, 202, 203, 204, 207, 208, 214, 215], "excluded_lines": []}, "StateMachineValidator._check_orphaned_states": {"executed_lines": [], "summary": {"covered_lines": 0, "num_statements": 8, "percent_covered": 0.0, "percent_covered_display": "0", "missing_lines": 8, "excluded_lines": 0}, "missing_lines": [226, 228, 229, 230, 231, 233, 235, 236], "excluded_lines": []}, "StateMachineValidator._check_unreachable_states": {"executed_lines": [], "summary": {"covered_lines": 0, "num_statements": 21, "percent_covered": 0.0, "percent_covered_display": "0", "missing_lines": 21, "excluded_lines": 0}, "missing_lines": [246, 247, 250, 251, 252, 253, 254, 256, 257, 258, 259, 262, 263, 264, 265, 266, 267, 269, 271, 272, 273], "excluded_lines": []}, "StateMachineValidator._check_missing_events": {"executed_lines": [], "summary": {"covered_lines": 0, "num_statements": 8, "percent_covered": 0.0, "percent_covered_display": "0", "missing_lines": 8, "excluded_lines": 0}, "missing_lines": [283, 285, 286, 287, 288, 290, 292, 293], "excluded_lines": []}, "StateMachineValidator._check_wildcard_transitions": {"executed_lines": [], "summary": {"covered_lines": 0, "num_statements": 3, "percent_covered": 0.0, "percent_covered_display": "0", "missing_lines": 3, "excluded_lines": 0}, "missing_lines": [303, 305, 306], "excluded_lines": []}, "StateMachineValidator._check_initial_state": {"executed_lines": [], "summary": {"covered_lines": 0, "num_statements": 2, "percent_covered": 0.0, "percent_covered_display": "0", "missing_lines": 2, "excluded_lines": 0}, "missing_lines": [315, 316], "excluded_lines": []}, "print_results": {"executed_lines": [], "summary": {"covered_lines": 0, "num_statements": 44, "percent_covered": 0.0, "percent_covered_display": "0", "missing_lines": 44, "excluded_lines": 0}, "missing_lines": [329, 330, 331, 332, 333, 334, 336, 337, 339, 340, 342, 343, 344, 345, 348, 349, 350, 351, 354, 355, 356, 357, 358, 359, 360, 361, 362, 363, 364, 365, 368, 369, 370, 371, 372, 373, 374, 375, 376, 377, 378, 379, 380, 382], "excluded_lines": []}, "main": {"executed_lines": [], "summary": {"covered_lines": 0, "num_statements": 35, "percent_covered": 0.0, "percent_covered_display": "0", "missing_lines": 35, "excluded_lines": 0}, "missing_lines": [386, 401, 402, 404, 406, 409, 411, 412, 415, 416, 417, 420, 421, 422, 424, 431, 432, 433, 435, 436, 437, 439, 440, 441, 442, 443, 444, 446, 447, 448, 449, 450, 451, 453, 454], "excluded_lines": []}, "": {"executed_lines": [], "summary": {"covered_lines": 0, "num_statements": 39, "percent_covered": 0.0, "percent_covered_display": "0", "missing_lines": 39, "excluded_lines": 0}, "missing_lines": [36, 37, 38, 39, 40, 41, 42, 45, 46, 48, 49, 50, 51, 52, 53, 56, 57, 59, 60, 61, 62, 64, 69, 74, 78, 85, 88, 130, 154, 189, 223, 243, 280, 300, 312, 324, 385, 457, 458], "excluded_lines": []}}, "classes": {"ValidationIssue": {"executed_lines": [], "summary": {"covered_lines": 0, "num_statements": 0, "percent_covered": 100.0, "percent_covered_display": "100", "missing_lines": 0, "excluded_lines": 0}, "missing_lines": [], "excluded_lines": []}, "ValidationResult": {"executed_lines": [], "summary": {"covered_lines": 0, "num_statements": 5, "percent_covered": 0.0, "percent_covered_display": "0", "missing_lines": 5, "excluded_lines": 0}, "missing_lines": [65, 66, 67, 70, 71], "excluded_lines": []}, "StateMachineValidator": {"executed_lines": [], "summary": {"covered_lines": 0, "num_statements": 107, "percent_covered": 0.0, "percent_covered_display": "0", "missing_lines": 107, "excluded_lines": 0}, "missing_lines": [86, 90, 92, 93, 94, 95, 96, 101, 102, 103, 108, 111, 112, 113, 114, 115, 116, 119, 120, 121, 122, 123, 124, 125, 126, 128, 133, 135, 136, 137, 138, 140, 142, 144, 145, 147, 157, 158, 159, 161, 162, 163, 167, 168, 169, 170, 171, 173, 175, 180, 181, 192, 193, 194, 196, 197, 198, 200, 202, 203, 204, 207, 208, 214, 215, 226, 228, 229, 230, 231, 233, 235, 236, 246, 247, 250, 251, 252, 253, 254, 256, 257, 258, 259, 262, 263, 264, 265, 266, 267, 269, 271, 272, 273, 283, 285, 286, 287, 288, 290, 292, 293, 303, 305, 306, 315, 316], "excluded_lines": []}, "": {"executed_lines": [], "summary": {"covered_lines": 0, "num_statements": 118, "percent_covered": 0.0, "percent_covered_display": "0", "missing_lines": 118, "excluded_lines": 0}, "missing_lines": [36, 37, 38, 39, 40, 41, 42, 45, 46, 48, 49, 50, 51, 52, 53, 56, 57, 59, 60, 61, 62, 64, 69, 74, 78, 85, 88, 130, 154, 189, 223, 243, 280, 300, 312, 324, 329, 330, 331, 332, 333, 334, 336, 337, 339, 340, 342, 343, 344, 345, 348, 349, 350, 351, 354, 355, 356, 357, 358, 359, 360, 361, 362, 363, 364, 365, 368, 369, 370, 371, 372, 373, 374, 375, 376, 377, 378, 379, 380, 382, 385, 386, 401, 402, 404, 406, 409, 411, 412, 415, 416, 417, 420, 421, 422, 424, 431, 432, 433, 435, 436, 437, 439, 440, 441, 442, 443, 444, 446, 447, 448, 449, 450, 451, 453, 454, 457, 458], "excluded_lines": []}}}, "src/statemachine_engine/utils/__init__.py": {"executed_lines": [1, 3, 5], "summary": {"covered_lines": 2, "num_statements": 2, "percent_covered": 100.0, "percent_covered_display": "100", "missing_lines": 0, "excluded_lines": 0}, "missing_lines": [], "excluded_lines": [], "functions": {"": {"executed_lines": [1, 3, 5], "summary": {"covered_lines": 2, "num_statements": 2, "percent_covered": 100.0, "percent_covered_display": "100", "missing_lines": 0, "excluded_lines": 0}, "missing_lines": [], "excluded_lines": []}}, "classes": {"": {"executed_lines": [1, 3, 5], "summary": {"covered_lines": 2, "num_statements": 2, "percent_covered": 100.0, "percent_covered_display": "100", "missing_lines": 0, "excluded_lines": 0}, "missing_lines": [], "excluded_lines": []}}}, "src/statemachine_engine/utils/interpolation.py": {"executed_lines": [1, 31, 32, 35, 66, 69, 70, 74, 77, 78, 79, 82, 83, 84, 86, 87, 88, 89, 91, 94, 97, 100, 101, 102, 105, 108, 109, 112, 113, 114, 116, 117, 118, 119, 121, 127, 130, 131, 132, 135, 137, 140, 166, 170, 171, 174, 175, 176, 177, 179, 180, 182, 183, 185, 188, 189, 192, 193, 194, 195, 197, 198, 200, 204], "summary": {"covered_lines": 63, "num_statements": 68, "percent_covered": 92.6470588235294, "percent_covered_display": "93", "missing_lines": 5, "excluded_lines": 0}, "missing_lines": [67, 124, 167, 203, 208], "excluded_lines": [], "functions": {"interpolate_value": {"executed_lines": [66, 69, 70, 74, 77, 78, 79, 82, 83, 84, 86, 87, 88, 89, 91, 94, 97, 100, 101, 102, 105, 108, 137], "summary": {"covered_lines": 23, "num_statements": 24, "percent_covered": 95.83333333333333, "percent_covered_display": "96", "missing_lines": 1, "excluded_lines": 0}, "missing_lines": [67], "excluded_lines": []}, "interpolate_value.replace_match": {"executed_lines": [109, 112, 113, 114, 116, 117, 118, 119, 121, 127, 130, 131, 132, 135], "summary": {"covered_lines": 14, "num_statements": 15, "percent_covered": 93.33333333333333, "percent_covered_display": "93", "missing_lines": 1, "excluded_lines": 0}, "missing_lines": [124], "excluded_lines": []}, "interpolate_config": {"executed_lines": [166, 170, 171, 174, 175, 176, 177, 179, 180, 182, 183, 185, 188, 189, 192, 193, 194, 195, 197, 198, 200, 204], "summary": {"covered_lines": 22, "num_statements": 25, "percent_covered": 88.0, "percent_covered_display": "88", "missing_lines": 3, "excluded_lines": 0}, "missing_lines": [167, 203, 208], "excluded_lines": []}, "": {"executed_lines": [1, 31, 32, 35, 140], "summary": {"covered_lines": 4, "num_statements": 4, "percent_covered": 100.0, "percent_covered_display": "100", "missing_lines": 0, "excluded_lines": 0}, "missing_lines": [], "excluded_lines": []}}, "classes": {"": {"executed_lines": [1, 31, 32, 35, 66, 69, 70, 74, 77, 78, 79, 82, 83, 84, 86, 87, 88, 89, 91, 94, 97, 100, 101, 102, 105, 108, 109, 112, 113, 114, 116, 117, 118, 119, 121, 127, 130, 131, 132, 135, 137, 140, 166, 170, 171, 174, 175, 176, 177, 179, 180, 182, 183, 185, 188, 189, 192, 193, 194, 195, 197, 198, 200, 204], "summary": {"covered_lines": 63, "num_statements": 68, "percent_covered": 92.6470588235294, "percent_covered_display": "93", "missing_lines": 5, "excluded_lines": 0}, "missing_lines": [67, 124, 167, 203, 208], "excluded_lines": []}}}}, "totals": {"covered_lines": 1411, "num_statements": 3653, "percent_covered": 38.62578702436354, "percent_covered_display": "39", "missing_lines": 2242, "excluded_lines": 0}}